2023-01-30 17:17:07,046 [INFO] Activator:179 - 


2023-01-30 17:17:07,047 [INFO] Activator:180 - !SESSION log4j initialized
2023-01-30 17:17:29,224 [INFO] McuFinderGlobals:52 - Set McuFinder mode to 2 (CubeIDE integrated)
2023-01-30 17:17:29,372 [INFO] ApplicationProperties:181 - Using Application install path: /home/harini/st/stm32cubeide_1.11.0/plugins/com.st.stm32cube.common.mx_6.7.0.202211181646
2023-01-30 17:17:29,393 [INFO] DbMcusXml:77 - Set database path to: /home/harini/st/stm32cubeide_1.11.0/plugins/com.st.stm32cube.common.mx_6.7.0.202211181646//db//mcu/
2023-01-30 17:17:29,394 [INFO] ApiDb:273 - Set plugin database path to: /home/harini/st/stm32cubeide_1.11.0/plugins/com.st.stm32cube.common.mx_6.7.0.202211181646//db//plugins/boardmanager/
2023-01-30 17:17:29,398 [WARN] ApiDb:258 - Overriding images path with different value:  => /home/harini/st/stm32cubeide_1.11.0/plugins/com.st.stm32cube.common.mx_6.7.0.202211181646//db//plugins/mcufinder/images/
2023-01-30 17:17:29,418 [INFO] ApiDb:249 - Set database path to: /home/harini/.stmcufinder/plugins/mcufinder//mcu/
2023-01-30 17:17:29,420 [INFO] DbMcusAds:124 - Set database path to: /home/harini/.stmcufinder/plugins/mcufinder//mcu/
2023-01-30 17:17:29,853 [INFO] CrossReferenceDbSqlite:202 - Set database path to: /home/harini/.stmcufinder/plugins/mcufinder//mcu/cs/
2023-01-30 17:17:30,011 [INFO] RulesReader:61 - Compatibility file has been processed (283 Rules)
2023-01-30 17:17:30,085 [INFO] DbMcusXml:77 - Set database path to: /home/harini/st/stm32cubeide_1.11.0/plugins/com.st.stm32cube.common.mx_6.7.0.202211181646//db//mcu/
2023-01-30 17:17:30,086 [INFO] ApiDb:273 - Set plugin database path to: /home/harini/st/stm32cubeide_1.11.0/plugins/com.st.stm32cube.common.mx_6.7.0.202211181646//db//plugins/boardmanager/
2023-01-30 17:17:30,086 [INFO] ApiDb:260 - Set plugin images path to: /home/harini/st/stm32cubeide_1.11.0/plugins/com.st.stm32cube.common.mx_6.7.0.202211181646//db//plugins/mcufinder/images/
2023-01-30 17:17:30,086 [WARN] DbFile:40 - Overriding database path with different value: /home/harini/.stmcufinder/plugins/mcufinder/ => /home/harini/.stmcufinder/plugins/mcufinder
2023-01-30 17:17:30,086 [INFO] ApiDb:249 - Set database path to: /home/harini/.stmcufinder/plugins/mcufinder//mcu/
2023-01-30 17:17:30,087 [WARN] DbFile:40 - Overriding database path with different value: /home/harini/.stmcufinder/plugins/mcufinder/ => /home/harini/.stmcufinder/plugins/mcufinder
2023-01-30 17:17:30,087 [INFO] DbMcusAds:124 - Set database path to: /home/harini/.stmcufinder/plugins/mcufinder//mcu/
2023-01-30 17:17:30,087 [WARN] DbFile:40 - Overriding database path with different value: /home/harini/.stmcufinder/plugins/mcufinder/ => /home/harini/.stmcufinder/plugins/mcufinder
2023-01-30 17:17:30,088 [WARN] DbFile:40 - Overriding database path with different value: /home/harini/.stmcufinder/plugins/mcufinder/ => /home/harini/.stmcufinder/plugins/mcufinder
2023-01-30 17:17:30,088 [INFO] CrossReferenceDbSqlite:202 - Set database path to: /home/harini/.stmcufinder/plugins/mcufinder//mcu/cs/
2023-01-30 17:17:30,173 [INFO] MainPanel:252 - HeapMemory: 268435456
2023-01-30 17:17:30,296 [INFO] DbMcusXml:77 - Set database path to: /home/harini/st/stm32cubeide_1.11.0/plugins/com.st.stm32cube.common.mx_6.7.0.202211181646//db//mcu/
2023-01-30 17:17:30,296 [INFO] ApiDb:273 - Set plugin database path to: /home/harini/st/stm32cubeide_1.11.0/plugins/com.st.stm32cube.common.mx_6.7.0.202211181646//db//plugins/boardmanager/
2023-01-30 17:17:30,297 [INFO] ApiDb:260 - Set plugin images path to: /home/harini/st/stm32cubeide_1.11.0/plugins/com.st.stm32cube.common.mx_6.7.0.202211181646//db//plugins/mcufinder/images/
2023-01-30 17:17:30,297 [WARN] DbFile:40 - Overriding database path with different value: /home/harini/.stmcufinder/plugins/mcufinder/ => /home/harini/.stmcufinder/plugins/mcufinder
2023-01-30 17:17:30,298 [INFO] ApiDb:249 - Set database path to: /home/harini/.stmcufinder/plugins/mcufinder//mcu/
2023-01-30 17:17:30,298 [WARN] DbFile:40 - Overriding database path with different value: /home/harini/.stmcufinder/plugins/mcufinder/ => /home/harini/.stmcufinder/plugins/mcufinder
2023-01-30 17:17:30,298 [INFO] DbMcusAds:124 - Set database path to: /home/harini/.stmcufinder/plugins/mcufinder//mcu/
2023-01-30 17:17:30,298 [WARN] DbFile:40 - Overriding database path with different value: /home/harini/.stmcufinder/plugins/mcufinder/ => /home/harini/.stmcufinder/plugins/mcufinder
2023-01-30 17:17:30,298 [WARN] DbFile:40 - Overriding database path with different value: /home/harini/.stmcufinder/plugins/mcufinder/ => /home/harini/.stmcufinder/plugins/mcufinder
2023-01-30 17:17:30,299 [INFO] CrossReferenceDbSqlite:202 - Set database path to: /home/harini/.stmcufinder/plugins/mcufinder//mcu/cs/
2023-01-30 17:17:30,323 [INFO] ApplicationProperties:181 - Using Application install path: /home/harini/st/stm32cubeide_1.11.0/plugins/com.st.stm32cube.common.mx_6.7.0.202211181646
2023-01-30 17:17:30,325 [INFO] PluginManage:193 - Search for loadable plugins [exclusion list=, ]
2023-01-30 17:17:30,327 [INFO] PluginManage:307 - Check plugin analytics
2023-01-30 17:17:30,531 [INFO] AnalyticsPlugin:262 - Accepted Software Licenses: 
2023-01-30 17:17:30,532 [INFO] AnalyticsPlugin:264 - Accepted CMSIS Pack Licenses: 
2023-01-30 17:17:30,532 [INFO] AnalyticsPlugin:266 - Accepted Firmware Licenses: 
2023-01-30 17:17:30,542 [INFO] PluginManage:356 - Loaded plugin analytics (category:tool,tabindex:-1)
2023-01-30 17:17:30,543 [INFO] PluginManage:307 - Check plugin cadmodel
2023-01-30 17:17:30,627 [INFO] CADModel:104 - Init CAD model plugin
2023-01-30 17:17:30,627 [INFO] PluginManage:356 - Loaded plugin cadmodel (category:power,tabindex:5)
2023-01-30 17:17:30,628 [INFO] PluginManage:307 - Check plugin clock
2023-01-30 17:17:30,643 [INFO] PluginManage:356 - Loaded plugin clock (category:base,tabindex:2)
2023-01-30 17:17:30,643 [INFO] PluginManage:307 - Check plugin ddr
2023-01-30 17:17:30,646 [INFO] PluginManage:356 - Loaded plugin ddr (category:tool,tabindex:6)
2023-01-30 17:17:30,647 [INFO] PluginManage:307 - Check plugin filemanager
2023-01-30 17:17:30,791 [INFO] PluginManage:356 - Loaded plugin filemanager (category:base,tabindex:10)
2023-01-30 17:17:30,791 [INFO] PluginManage:307 - Check plugin ipmanager
2023-01-30 17:17:30,798 [INFO] PluginManage:356 - Loaded plugin ipmanager (category:base,tabindex:5)
2023-01-30 17:17:30,799 [INFO] PluginManage:307 - Check plugin lpbam
2023-01-30 17:17:30,809 [INFO] PluginManage:356 - Loaded plugin lpbam (category:base,tabindex:0)
2023-01-30 17:17:30,809 [INFO] PluginManage:307 - Check plugin pinoutandconfiguration
2023-01-30 17:17:30,818 [INFO] PluginManage:356 - Loaded plugin pinoutandconfiguration (category:base,tabindex:1)
2023-01-30 17:17:30,818 [INFO] PluginManage:307 - Check plugin pinoutconfig
2023-01-30 17:17:30,851 [INFO] PluginManage:356 - Loaded plugin pinoutconfig (category:base,tabindex:0)
2023-01-30 17:17:30,851 [INFO] PluginManage:307 - Check plugin power
2023-01-30 17:17:30,863 [INFO] PluginManage:356 - Loaded plugin power (category:power,tabindex:4)
2023-01-30 17:17:30,863 [INFO] PluginManage:307 - Check plugin projectmanager
2023-01-30 17:17:30,881 [INFO] PluginManage:356 - Loaded plugin projectmanager (category:projectmanager,tabindex:3)
2023-01-30 17:17:30,881 [INFO] PluginManage:307 - Check plugin thirdparty
2023-01-30 17:17:31,002 [WARN] IntegrityCheckThread:82 - waiting for thirdparty lock release [integrity check]
2023-01-30 17:17:31,003 [INFO] IntegrityCheckThread:84 - entering critical section [integrity check]
2023-01-30 17:17:31,003 [INFO] PluginManage:356 - Loaded plugin thirdparty (category:base,tabindex:-1)
2023-01-30 17:17:31,003 [INFO] PluginManage:307 - Check plugin tools
2023-01-30 17:17:31,005 [INFO] ThirdPartyUpdaterWithRetryManager:70 - Updater plugin not ready yet. [1/15]
2023-01-30 17:17:31,006 [INFO] PluginManage:356 - Loaded plugin tools (category:base,tabindex:7)
2023-01-30 17:17:31,006 [INFO] PluginManage:307 - Check plugin tutovideos
2023-01-30 17:17:31,244 [INFO] PluginManage:356 - Loaded plugin tutovideos (category:base,tabindex:-1)
2023-01-30 17:17:31,244 [INFO] PluginManage:307 - Check plugin updater
2023-01-30 17:17:31,260 [INFO] PluginManage:356 - Loaded plugin updater (category:base,tabindex:12)
2023-01-30 17:17:31,260 [INFO] PluginManage:280 - PluginManage : Loaded plugins [15]
2023-01-30 17:17:31,519 [INFO] PinOutPanel:1477 - setPackage(No Configuration,No Configuration)
2023-01-30 17:17:31,577 [INFO] CADModel:164 - CPN selected for project level
2023-01-30 17:17:31,577 [INFO] CADModel:113 - Register for checkConnection events
2023-01-30 17:17:31,591 [INFO] IPUIPlugin:79 - create IPUIPlugin
2023-01-30 17:17:31,591 [INFO] PluginManager:219 - loadIPPluginJar : add gfxmmu
2023-01-30 17:17:31,597 [INFO] IPUIPlugin:79 - create IPUIPlugin
2023-01-30 17:17:31,597 [INFO] PluginManager:219 - loadIPPluginJar : add fmc
2023-01-30 17:17:31,600 [INFO] IPUIPlugin:79 - create IPUIPlugin
2023-01-30 17:17:31,600 [INFO] PluginManager:219 - loadIPPluginJar : add cryp
2023-01-30 17:17:31,601 [INFO] IPUIPlugin:79 - create IPUIPlugin
2023-01-30 17:17:31,601 [INFO] PluginManager:219 - loadIPPluginJar : add ltdc
2023-01-30 17:17:31,604 [INFO] IPUIPlugin:79 - create IPUIPlugin
2023-01-30 17:17:31,604 [INFO] PluginManager:219 - loadIPPluginJar : add hash
2023-01-30 17:17:31,606 [INFO] IPUIPlugin:79 - create IPUIPlugin
2023-01-30 17:17:31,607 [INFO] PluginManager:219 - loadIPPluginJar : add i2s
2023-01-30 17:17:31,612 [INFO] IPUIPlugin:79 - create IPUIPlugin
2023-01-30 17:17:31,612 [INFO] PluginManager:219 - loadIPPluginJar : add gpio
2023-01-30 17:17:31,614 [INFO] IPUIPlugin:79 - create IPUIPlugin
2023-01-30 17:17:31,614 [INFO] PluginManager:219 - loadIPPluginJar : add tracer_emb
2023-01-30 17:17:31,617 [INFO] IPUIPlugin:79 - create IPUIPlugin
2023-01-30 17:17:31,617 [INFO] PluginManager:219 - loadIPPluginJar : add aes
2023-01-30 17:17:31,619 [INFO] IPUIPlugin:79 - create IPUIPlugin
2023-01-30 17:17:31,619 [INFO] PluginManager:219 - loadIPPluginJar : add ucpd
2023-01-30 17:17:31,620 [INFO] IPUIPlugin:79 - create IPUIPlugin
2023-01-30 17:17:31,621 [INFO] PluginManager:219 - loadIPPluginJar : add tim
2023-01-30 17:17:31,628 [INFO] IPUIPlugin:79 - create IPUIPlugin
2023-01-30 17:17:31,628 [INFO] PluginManager:219 - loadIPPluginJar : add linkedlist
2023-01-30 17:17:31,631 [INFO] IPUIPlugin:79 - create IPUIPlugin
2023-01-30 17:17:31,632 [INFO] PluginManager:219 - loadIPPluginJar : add dma3
2023-01-30 17:17:31,637 [INFO] IPUIPlugin:79 - create IPUIPlugin
2023-01-30 17:17:31,637 [INFO] PluginManager:219 - loadIPPluginJar : add resmgrutility
2023-01-30 17:17:31,638 [INFO] IPUIPlugin:79 - create IPUIPlugin
2023-01-30 17:17:31,638 [INFO] PluginManager:219 - loadIPPluginJar : add genericplugin
2023-01-30 17:17:31,641 [INFO] IPUIPlugin:79 - create IPUIPlugin
2023-01-30 17:17:31,641 [INFO] PluginManager:219 - loadIPPluginJar : add i2c
2023-01-30 17:17:31,645 [INFO] IPUIPlugin:79 - create IPUIPlugin
2023-01-30 17:17:31,645 [INFO] PluginManager:219 - loadIPPluginJar : add ipddr
2023-01-30 17:17:31,653 [INFO] IPUIPlugin:79 - create IPUIPlugin
2023-01-30 17:17:31,657 [INFO] PluginManager:219 - loadIPPluginJar : add plateformsettings
2023-01-30 17:17:31,659 [INFO] IPUIPlugin:79 - create IPUIPlugin
2023-01-30 17:17:31,659 [INFO] PluginManager:219 - loadIPPluginJar : add comp
2023-01-30 17:17:31,662 [INFO] IPUIPlugin:79 - create IPUIPlugin
2023-01-30 17:17:31,662 [INFO] PluginManager:219 - loadIPPluginJar : add ts
2023-01-30 17:17:31,666 [INFO] IPUIPlugin:79 - create IPUIPlugin
2023-01-30 17:17:31,667 [INFO] PluginManager:219 - loadIPPluginJar : add openamp
2023-01-30 17:17:31,670 [INFO] IPUIPlugin:79 - create IPUIPlugin
2023-01-30 17:17:31,671 [INFO] PluginManager:219 - loadIPPluginJar : add spi
2023-01-30 17:17:31,674 [INFO] IPUIPlugin:79 - create IPUIPlugin
2023-01-30 17:17:31,674 [INFO] PluginManager:219 - loadIPPluginJar : add usart
2023-01-30 17:17:31,678 [INFO] IPUIPlugin:79 - create IPUIPlugin
2023-01-30 17:17:31,678 [INFO] PluginManager:219 - loadIPPluginJar : add lorawan
2023-01-30 17:17:31,680 [INFO] IPUIPlugin:79 - create IPUIPlugin
2023-01-30 17:17:31,681 [INFO] PluginManager:219 - loadIPPluginJar : add quadspi
2023-01-30 17:17:31,687 [INFO] IPUIPlugin:79 - create IPUIPlugin
2023-01-30 17:17:31,688 [INFO] PluginManager:219 - loadIPPluginJar : add gic
2023-01-30 17:17:31,691 [INFO] IPUIPlugin:79 - create IPUIPlugin
2023-01-30 17:17:31,692 [INFO] PluginManager:219 - loadIPPluginJar : add touchsensing
2023-01-30 17:17:31,699 [INFO] IPUIPlugin:79 - create IPUIPlugin
2023-01-30 17:17:31,699 [INFO] PluginManager:219 - loadIPPluginJar : add freertos
2023-01-30 17:17:31,703 [INFO] IPUIPlugin:79 - create IPUIPlugin
2023-01-30 17:17:31,703 [INFO] PluginManager:219 - loadIPPluginJar : add usbx
2023-01-30 17:17:31,710 [INFO] IPUIPlugin:79 - create IPUIPlugin
2023-01-30 17:17:31,710 [INFO] PluginManager:219 - loadIPPluginJar : add dma
2023-01-30 17:17:31,715 [INFO] IPUIPlugin:79 - create IPUIPlugin
2023-01-30 17:17:31,716 [INFO] PluginManager:219 - loadIPPluginJar : add stm32_wpan
2023-01-30 17:17:31,718 [INFO] IPUIPlugin:79 - create IPUIPlugin
2023-01-30 17:17:31,719 [INFO] PluginManager:219 - loadIPPluginJar : add pdm2pcm
2023-01-30 17:17:31,722 [INFO] IPUIPlugin:79 - create IPUIPlugin
2023-01-30 17:17:31,722 [INFO] PluginManager:219 - loadIPPluginJar : add opamp
2023-01-30 17:17:31,724 [INFO] IPUIPlugin:79 - create IPUIPlugin
2023-01-30 17:17:31,724 [INFO] PluginManager:219 - loadIPPluginJar : add fatfs
2023-01-30 17:17:31,727 [INFO] IPUIPlugin:79 - create IPUIPlugin
2023-01-30 17:17:31,727 [INFO] PluginManager:219 - loadIPPluginJar : add dfsdm
2023-01-30 17:17:31,729 [INFO] IPUIPlugin:79 - create IPUIPlugin
2023-01-30 17:17:31,729 [INFO] PluginManager:219 - loadIPPluginJar : add tsc
2023-01-30 17:17:31,736 [INFO] IPUIPlugin:79 - create IPUIPlugin
2023-01-30 17:17:31,736 [INFO] PluginManager:219 - loadIPPluginJar : add adc
2023-01-30 17:17:31,739 [INFO] IPUIPlugin:79 - create IPUIPlugin
2023-01-30 17:17:31,740 [INFO] PluginManager:219 - loadIPPluginJar : add gtzc
2023-01-30 17:17:31,742 [INFO] IPUIPlugin:79 - create IPUIPlugin
2023-01-30 17:17:31,743 [INFO] PluginManager:219 - loadIPPluginJar : add can
2023-01-30 17:17:31,748 [INFO] IPUIPlugin:79 - create IPUIPlugin
2023-01-30 17:17:31,749 [INFO] PluginManager:219 - loadIPPluginJar : add nvic
2023-01-30 17:17:31,752 [INFO] IPUIPlugin:79 - create IPUIPlugin
2023-01-30 17:17:31,753 [INFO] PluginManager:219 - loadIPPluginJar : add sai
2023-01-30 17:17:31,759 [INFO] IPUIPlugin:79 - create IPUIPlugin
2023-01-30 17:17:31,760 [INFO] PluginManager:219 - loadIPPluginJar : add mdma
2023-01-30 17:17:31,879 [INFO] CADModel:164 - CPN selected for project level
2023-01-30 17:17:31,879 [INFO] CADModel:113 - Register for checkConnection events
2023-01-30 17:17:31,880 [FATAL] Updater:308 - Updater called before beeing initialized
2023-01-30 17:17:31,880 [ERROR] CADModel:124 - Updater not yet initialized, retry later 
2023-01-30 17:17:32,034 [INFO] CADModel:164 - CPN selected for project level
2023-01-30 17:17:32,034 [INFO] CADModel:113 - Register for checkConnection events
2023-01-30 17:17:32,034 [FATAL] Updater:308 - Updater called before beeing initialized
2023-01-30 17:17:32,034 [ERROR] CADModel:124 - Updater not yet initialized, retry later 
2023-01-30 17:17:32,038 [FATAL] Updater:308 - Updater called before beeing initialized
2023-01-30 17:17:32,150 [FATAL] Updater:308 - Updater called before beeing initialized
2023-01-30 17:17:32,159 [INFO] DbMcusAds:52 - JSON generation date=Wed Jan 18 19:47:18 IST 2023 (1674051438939)
2023-01-30 17:17:32,159 [FATAL] Updater:308 - Updater called before beeing initialized
2023-01-30 17:17:32,209 [WARN] DetailPanel:344 - Failed to get advertising image, set to default
2023-01-30 17:17:32,451 [FATAL] Updater:308 - Updater called before beeing initialized
2023-01-30 17:17:32,454 [FATAL] Updater:308 - Updater called before beeing initialized
2023-01-30 17:17:32,454 [FATAL] Updater:308 - Updater called before beeing initialized
2023-01-30 17:17:32,454 [WARN] DetailPanel:344 - Failed to get advertising image, set to default
2023-01-30 17:17:32,455 [FATAL] Updater:308 - Updater called before beeing initialized
2023-01-30 17:17:32,497 [ERROR] Updater:1120 - MainUpdater not yet initialized. External WinMGr cannot be set.
2023-01-30 17:17:32,500 [INFO] Updater:1056 - Updater Version found : 6.7.0
2023-01-30 17:17:32,524 [INFO] ApplicationProperties:181 - Using Application install path: /home/harini/st/stm32cubeide_1.11.0/plugins/com.st.stm32cube.common.mx_6.7.0.202211181646
2023-01-30 17:17:32,627 [INFO] MainUpdater:2800 - connection check result : 10
2023-01-30 17:17:32,628 [INFO] MainUpdater:282 - Updater Check For Update Now.
2023-01-30 17:17:32,628 [INFO] MicroXplorer:481 - Change Database Version : DB.6.0.70
2023-01-30 17:17:32,803 [INFO] CheckServerUpdateThread:119 - End of CheckServer Thread
2023-01-30 17:17:32,837 [INFO] MainUpdater:2800 - connection check result : 10
2023-01-30 17:17:33,529 [INFO] ApiDb:580 - Connected to CubeFinder SQLite database (/home/harini/.stmcufinder/plugins/mcufinder/mcu/cube-finder-db.db)
2023-01-30 17:17:33,705 [INFO] ApiDb:667 - CubeFinder database Data Model version=2.1
2023-01-30 17:17:33,706 [INFO] ApiDb:668 - CubeFinder database Configuration version=3.0.35
2023-01-30 17:17:33,706 [INFO] ApiDb:669 - CubeFinder database generation date=2023-01-18 (1674054071)
2023-01-30 17:17:33,706 [INFO] ApiDb:670 - CubeFinder database FW Pack versions=[FP-ATR-ASTRA1_V1.1.1, STM32Cube_FW_C0_V1.0.1, STM32Cube_FW_F4_V1.27.1, STM32Cube_FW_F7_V1.17.0, STM32Cube_FW_G0_V1.6.1, STM32Cube_FW_G4_V1.5.0, STM32Cube_FW_H5_V0.5.1, STM32Cube_FW_H7_V1.11.0, STM32Cube_FW_L5_V1.5.0, STM32Cube_FW_U5_V1.1.1, STM32Cube_FW_WBA_V0.2.0, STM32Cube_FW_WB_V1.15.0, STM32Cube_FW_WB_V1.15.0RC1, STM32Cube_FW_WL_V1.3.0, X-CUBE-ALGOBUILD_V1.3.0, X-CUBE-ALS_V1.0.1, X-CUBE-AZRTOS-F4_V1.1.0, X-CUBE-AZRTOS-F7_V1.1.0, X-CUBE-AZRTOS-G0_V1.1.0, X-CUBE-AZRTOS-G4_V1.0.0, X-CUBE-AZRTOS-H7_V2.1.0, X-CUBE-AZRTOS-L4_V1.0.0, X-CUBE-AZRTOS-L5_V1.0.0, X-CUBE-AZRTOS-WL_V1.0.0, X-CUBE-BLE1_V6.2.4, X-CUBE-BLE2_V3.3.0, X-CUBE-BLEMGR_V1.3.0, X-CUBE-EEPRMA1_V4.1.0, X-CUBE-GNSS1_V6.0.0, X-CUBE-MEMS1_V9.1.0, X-CUBE-MEMS1_V9.3.0, X-CUBE-MEMS1_V9.4.0, X-CUBE-NFC4_V3.0.0, X-CUBE-NFC7_V1.0.0, X-CUBE-SFXS2LP1_V4.0.0, X-CUBE-SUBG2_V5.0.0]
2023-01-30 17:17:33,889 [ERROR] LogOutputStream:74 - [STDERR_REDIRECT] SLF4J: Failed to load class "org.slf4j.impl.StaticLoggerBinder".
2023-01-30 17:17:33,892 [ERROR] LogOutputStream:74 - [STDERR_REDIRECT] SLF4J: Defaulting to no-operation (NOP) logger implementation
2023-01-30 17:17:33,892 [ERROR] LogOutputStream:74 - [STDERR_REDIRECT] SLF4J: See http://www.slf4j.org/codes.html#StaticLoggerBinder for further details.
2023-01-30 17:17:34,203 [WARN] PackLoader:242 - Cannot read IP mode file for STMicroelectronics.X-CUBE-GNSS1.6.0.0
2023-01-30 17:17:34,266 [WARN] PackLoader:242 - Cannot read IP mode file for STMicroelectronics.X-CUBE-AZRTOS-F4.1.1.0
2023-01-30 17:17:34,311 [WARN] PackLoader:242 - Cannot read IP mode file for STMicroelectronics.X-CUBE-AZRTOS-F7.1.1.0
2023-01-30 17:17:34,323 [WARN] PackLoader:242 - Cannot read IP mode file for STMicroelectronics.X-CUBE-BLE1.6.2.4
2023-01-30 17:17:34,338 [WARN] PackLoader:242 - Cannot read IP mode file for emotas.I-CUBE-CANOPEN.1.1.3
2023-01-30 17:17:34,349 [WARN] PackLoader:242 - Cannot read IP mode file for STMicroelectronics.X-CUBE-NFC4.2.0.5
2023-01-30 17:17:34,361 [WARN] PackLoader:242 - Cannot read IP mode file for STMicroelectronics.X-CUBE-DISPLAY.3.0.0
2023-01-30 17:17:34,372 [WARN] PackLoader:242 - Cannot read IP mode file for wolfSSL.I-CUBE-wolfSSL.5.5.4
2023-01-30 17:17:34,379 [WARN] PackLoader:242 - Cannot read IP mode file for STMicroelectronics.X-CUBE-NFC7.1.0.0
2023-01-30 17:17:34,397 [WARN] PackLoader:242 - Cannot read IP mode file for STMicroelectronics.X-CUBE-EEPRMA1.4.1.0
2023-01-30 17:17:34,413 [WARN] PackLoader:242 - Cannot read IP mode file for STMicroelectronics.X-CUBE-SFXS2LP1.4.0.0
2023-01-30 17:17:34,420 [WARN] PackLoader:242 - Cannot read IP mode file for STMicroelectronics.X-CUBE-BLE2.3.3.0
2023-01-30 17:17:34,430 [WARN] PackLoader:242 - Cannot read IP mode file for STMicroelectronics.X-CUBE-DISPLAY.2.2.0
2023-01-30 17:17:34,464 [WARN] PackLoader:242 - Cannot read IP mode file for STMicroelectronics.X-CUBE-TOF1.3.2.0
2023-01-30 17:17:34,532 [WARN] PackLoader:242 - Cannot read IP mode file for STMicroelectronics.X-CUBE-AZRTOS-H7.3.0.0
2023-01-30 17:17:34,552 [WARN] PackLoader:242 - Cannot read IP mode file for STMicroelectronics.X-CUBE-ISPU.1.1.0
2023-01-30 17:17:34,620 [WARN] PackLoader:242 - Cannot read IP mode file for RoweBots.I-CUBE-UNISONRTOS.5.5.0-4
2023-01-30 17:17:34,625 [WARN] PackLoader:242 - Cannot read IP mode file for STMicroelectronics.X-CUBE-TOUCHGFX.4.21.1
2023-01-30 17:17:34,630 [WARN] PackLoader:242 - Cannot read IP mode file for STMicroelectronics.X-CUBE-TOUCHGFX.4.21.0
2023-01-30 17:17:34,731 [WARN] PackLoader:242 - Cannot read IP mode file for STMicroelectronics.X-CUBE-MEMS1.9.4.0
2023-01-30 17:17:34,978 [WARN] PackLoader:242 - Cannot read IP mode file for STMicroelectronics.X-CUBE-AI.7.3.0
2023-01-30 17:17:34,984 [WARN] PackLoader:242 - Cannot read IP mode file for STMicroelectronics.X-CUBE-ALGOBUILD.1.3.0
2023-01-30 17:17:35,007 [WARN] PackLoader:242 - Cannot read IP mode file for STMicroelectronics.X-CUBE-AZRTOS-L5.1.1.0
2023-01-30 17:17:35,035 [WARN] PackLoader:242 - Cannot read IP mode file for STMicroelectronics.X-CUBE-AZRTOS-G0.1.1.0
2023-01-30 17:17:35,051 [WARN] PackLoader:242 - Cannot read IP mode file for STMicroelectronics.X-CUBE-SUBG2.5.0.0
2023-01-30 17:17:35,098 [WARN] PackLoader:242 - Cannot read IP mode file for STMicroelectronics.X-CUBE-NFC4.3.0.0
2023-01-30 17:17:35,104 [WARN] PackLoader:242 - Cannot read IP mode file for STMicroelectronics.FP-ATR-ASTRA1.1.1.1
2023-01-30 17:17:35,114 [WARN] PackLoader:242 - Cannot read IP mode file for STMicroelectronics.X-CUBE-BLEMGR.1.3.0
2023-01-30 17:17:35,137 [WARN] PackLoader:242 - Cannot read IP mode file for STMicroelectronics.X-CUBE-AZRTOS-G4.1.0.0
2023-01-30 17:17:35,143 [WARN] PackLoader:242 - Cannot read IP mode file for STMicroelectronics.FP-ATR-SIGFOX1.3.2.0
2023-01-30 17:17:35,181 [WARN] PackLoader:242 - Cannot read IP mode file for STMicroelectronics.X-CUBE-AZRTOS-L4.1.0.0
2023-01-30 17:17:35,199 [WARN] PackLoader:242 - Cannot read IP mode file for STMicroelectronics.X-CUBE-AZRTOS-WL.1.0.0
2023-01-30 17:17:35,205 [WARN] PackLoader:242 - Cannot read IP mode file for portGmbH.I-Cube-SoM-uGOAL.1.1.0
2023-01-30 17:17:35,209 [WARN] PackLoader:242 - Cannot read IP mode file for STMicroelectronics.X-CUBE-ALS.1.0.1
2023-01-30 17:17:35,236 [WARN] PackLoader:242 - Cannot read IP mode file for STMicroelectronics.X-CUBE-AZRTOS-WB.1.1.0
2023-01-30 17:17:35,354 [WARN] PackLoader:242 - Cannot read IP mode file for SEGGER.I-CUBE-embOS.1.3.0
2023-01-30 17:17:35,494 [INFO] ThirdParty:947 - Integrity check success = true
2023-01-30 17:17:35,500 [INFO] IntegrityCheckThread:98 - exiting critical section [integrity check]
2023-01-30 17:17:35,501 [INFO] IntegrityCheckThread:101 - End integrity checks thread
2023-01-30 17:17:37,449 [INFO] ApiDb:239 - Found 143 in-development CPN: [B-WB1M-WPAN1, B-WL5M-SUBG1, NUCLEO-C031C6, STEVAL-PROTEUS1, STEVAL-STWINBX1, STM320518-EVAL, STM32C0116-DK, STM32C011D6Y3TR, STM32C011D6Y6TR, STM32C011F4P3, STM32C011F4P6, STM32C011F4U3, STM32C011F4U6TR, STM32C011F6P3, STM32C011F6P6, STM32C011F6U3, STM32C011F6U6TR, STM32C011J4M3, STM32C011J4M6, STM32C011J6M3, STM32C011J6M6, STM32C0316-DK, STM32C031C4T3, STM32C031C4T6, STM32C031C4U3, STM32C031C4U6, STM32C031C6T3, STM32C031C6T6, STM32C031C6U3, STM32C031C6U6, STM32C031F4P3, STM32C031F4P6, STM32C031F6P3, STM32C031F6P6, STM32C031G4U3, STM32C031G4U6, STM32C031G6U3, STM32C031G6U6, STM32C031K4T3, STM32C031K4T6, STM32C031K4U3, STM32C031K4U6, STM32C031K6T3, STM32C031K6T6, STM32C031K6U3, STM32C031K6U6, STM32G071K8TXN, STM32G071K8UXN, STM32G081GBU6N, STM32G081KBT6N, STM32G081KBUXN, STM32G0B1CCT6N, STM32G0B1KCT6, STM32G0B1NEY6TR, STM32G0B1RCT6N, STM32G0C1CCT6, STM32G0C1CCT6N, STM32G0C1CCU6N, STM32G0C1CET6N, STM32G0C1CEU6N, STM32G0C1KCT6, STM32G0C1NEY6TR, STM32G0C1RCI6N, STM32G0C1RCT6N, STM32G0C1REI6N, STM32G0C1RET6N, STM32G0C1VCI6, STM32G0C1VEI6, STM32G471CCT6, STM32G471CCU6, STM32G471CET3, STM32G471CET6, STM32G471CEU3, STM32G471CEU6, STM32G471MCT6, STM32G471MET3, STM32G471MET6, STM32G471MEY6TR, STM32G471QCT6, STM32G471QET3, STM32G471RCT6, STM32G471RET3, STM32G471RET6, STM32G471VCH6, STM32G471VCI6, STM32G471VCT6, STM32G471VEH3, STM32G471VEH6, STM32G471VEI3, STM32G471VEI6, STM32G471VET3, STM32G471VET6, STM32G474CCT6, STM32L476VGY6PTR, STM32L4R5QGI6STR, STM32MP131AAE3, STM32MP131AAF3, STM32MP131AAG3, STM32MP131CAE3, STM32MP131CAF3, STM32MP131CAG3, STM32MP131DAE7, STM32MP131DAF7, STM32MP131DAG7, STM32MP131FAE7, STM32MP131FAF7, STM32MP131FAG7, STM32MP133AAE3, STM32MP133AAF3, STM32MP133AAG3, STM32MP133CAE3, STM32MP133CAF3, STM32MP133CAG3, STM32MP133DAE7, STM32MP133DAF7, STM32MP133DAG7, STM32MP133FAE7, STM32MP133FAF7, STM32MP133FAG7, STM32MP135AAE3, STM32MP135AAF3, STM32MP135AAG3, STM32MP135CAE3, STM32MP135CAF3, STM32MP135CAG3, STM32MP135DAE7, STM32MP135DAF7, STM32MP135DAG7, STM32MP135F-DK, STM32MP135FAE7, STM32MP135FAF7, STM32MP135FAF7T, STM32MP135FAF7U, STM32MP135FAG7, STM32U595ZJT6Q, STM32U599BJY6QTR, STM32U599NIH6Q, STM32U599NJH6Q, STM32U5A5ZJT6Q, STM32U5A9BJY6QTR, STM32U5A9NJH6Q, STM32WB1MMCH6, STM32WL5MOCH6TR]
2023-01-30 17:17:37,456 [INFO] DbMcus:215 - Found 3582 MCUs, 3582 are supported
2023-01-30 17:17:37,463 [INFO] ApiDb:422 - Load user favorites file /home/harini/.stm32cubeide/favorites.mcus.txt: 0 item(s)
2023-01-30 17:17:37,464 [INFO] ApiDb:426 - User favorites MCUs=[]
2023-01-30 17:17:37,464 [INFO] DbMcus:221 - Set 0 / 0 favorites MCUs
2023-01-30 17:17:37,952 [INFO] McuFinderGlobals:65 - Set McuFinderConnectedMode to true
2023-01-30 17:17:37,965 [INFO] MultiScanPanel:196 - Auto-refresh data requested => check proxy status ongoing
2023-01-30 17:17:37,968 [INFO] FinderPluginLoader:92 - Searching for filters in installed packs
2023-01-30 17:17:39,948 [INFO] LoadUrlFilesThread:179 - End of LoadServerUrlFiles without Thread
2023-01-30 17:17:40,005 [INFO] DetailPanel:339 - Set advertising image to /home/harini/STM32Cube/Repository//en.prom-stm32c0-0123.jpg
2023-01-30 17:17:41,258 [INFO] ApiDb:667 - CubeFinder database Data Model version=2.1
2023-01-30 17:17:41,258 [INFO] ApiDb:668 - CubeFinder database Configuration version=3.0.35
2023-01-30 17:17:41,259 [INFO] ApiDb:669 - CubeFinder database generation date=2023-01-18 (1674054071)
2023-01-30 17:17:41,259 [INFO] ApiDb:670 - CubeFinder database FW Pack versions=[FP-ATR-ASTRA1_V1.1.1, STM32Cube_FW_C0_V1.0.1, STM32Cube_FW_F4_V1.27.1, STM32Cube_FW_F7_V1.17.0, STM32Cube_FW_G0_V1.6.1, STM32Cube_FW_G4_V1.5.0, STM32Cube_FW_H5_V0.5.1, STM32Cube_FW_H7_V1.11.0, STM32Cube_FW_L5_V1.5.0, STM32Cube_FW_U5_V1.1.1, STM32Cube_FW_WBA_V0.2.0, STM32Cube_FW_WB_V1.15.0, STM32Cube_FW_WB_V1.15.0RC1, STM32Cube_FW_WL_V1.3.0, X-CUBE-ALGOBUILD_V1.3.0, X-CUBE-ALS_V1.0.1, X-CUBE-AZRTOS-F4_V1.1.0, X-CUBE-AZRTOS-F7_V1.1.0, X-CUBE-AZRTOS-G0_V1.1.0, X-CUBE-AZRTOS-G4_V1.0.0, X-CUBE-AZRTOS-H7_V2.1.0, X-CUBE-AZRTOS-L4_V1.0.0, X-CUBE-AZRTOS-L5_V1.0.0, X-CUBE-AZRTOS-WL_V1.0.0, X-CUBE-BLE1_V6.2.4, X-CUBE-BLE2_V3.3.0, X-CUBE-BLEMGR_V1.3.0, X-CUBE-EEPRMA1_V4.1.0, X-CUBE-GNSS1_V6.0.0, X-CUBE-MEMS1_V9.1.0, X-CUBE-MEMS1_V9.3.0, X-CUBE-MEMS1_V9.4.0, X-CUBE-NFC4_V3.0.0, X-CUBE-NFC7_V1.0.0, X-CUBE-SFXS2LP1_V4.0.0, X-CUBE-SUBG2_V5.0.0]
2023-01-30 17:17:41,407 [INFO] DbBoardsSqlite:225 - include board P-NUCLEO-WB55-NUCLEO as a kit item of type 'Nucleo-64'
2023-01-30 17:17:41,407 [INFO] DbBoardsSqlite:225 - include board P-NUCLEO-WB55-USBDONGLE as a kit item of type 'Nucleo USB Dongle'
2023-01-30 17:17:41,408 [INFO] DbBoardsSqlite:225 - include board STEVAL-IDP005V1 as a kit item of type 'Evaluation Board'
2023-01-30 17:17:41,408 [INFO] DbBoardsSqlite:225 - include board STEVAL-IDP005V2 as a kit item of type 'Evaluation Board'
2023-01-30 17:17:41,445 [INFO] ApiDb:239 - Found 143 in-development CPN: [B-WB1M-WPAN1, B-WL5M-SUBG1, NUCLEO-C031C6, STEVAL-PROTEUS1, STEVAL-STWINBX1, STM320518-EVAL, STM32C0116-DK, STM32C011D6Y3TR, STM32C011D6Y6TR, STM32C011F4P3, STM32C011F4P6, STM32C011F4U3, STM32C011F4U6TR, STM32C011F6P3, STM32C011F6P6, STM32C011F6U3, STM32C011F6U6TR, STM32C011J4M3, STM32C011J4M6, STM32C011J6M3, STM32C011J6M6, STM32C0316-DK, STM32C031C4T3, STM32C031C4T6, STM32C031C4U3, STM32C031C4U6, STM32C031C6T3, STM32C031C6T6, STM32C031C6U3, STM32C031C6U6, STM32C031F4P3, STM32C031F4P6, STM32C031F6P3, STM32C031F6P6, STM32C031G4U3, STM32C031G4U6, STM32C031G6U3, STM32C031G6U6, STM32C031K4T3, STM32C031K4T6, STM32C031K4U3, STM32C031K4U6, STM32C031K6T3, STM32C031K6T6, STM32C031K6U3, STM32C031K6U6, STM32G071K8TXN, STM32G071K8UXN, STM32G081GBU6N, STM32G081KBT6N, STM32G081KBUXN, STM32G0B1CCT6N, STM32G0B1KCT6, STM32G0B1NEY6TR, STM32G0B1RCT6N, STM32G0C1CCT6, STM32G0C1CCT6N, STM32G0C1CCU6N, STM32G0C1CET6N, STM32G0C1CEU6N, STM32G0C1KCT6, STM32G0C1NEY6TR, STM32G0C1RCI6N, STM32G0C1RCT6N, STM32G0C1REI6N, STM32G0C1RET6N, STM32G0C1VCI6, STM32G0C1VEI6, STM32G471CCT6, STM32G471CCU6, STM32G471CET3, STM32G471CET6, STM32G471CEU3, STM32G471CEU6, STM32G471MCT6, STM32G471MET3, STM32G471MET6, STM32G471MEY6TR, STM32G471QCT6, STM32G471QET3, STM32G471RCT6, STM32G471RET3, STM32G471RET6, STM32G471VCH6, STM32G471VCI6, STM32G471VCT6, STM32G471VEH3, STM32G471VEH6, STM32G471VEI3, STM32G471VEI6, STM32G471VET3, STM32G471VET6, STM32G474CCT6, STM32L476VGY6PTR, STM32L4R5QGI6STR, STM32MP131AAE3, STM32MP131AAF3, STM32MP131AAG3, STM32MP131CAE3, STM32MP131CAF3, STM32MP131CAG3, STM32MP131DAE7, STM32MP131DAF7, STM32MP131DAG7, STM32MP131FAE7, STM32MP131FAF7, STM32MP131FAG7, STM32MP133AAE3, STM32MP133AAF3, STM32MP133AAG3, STM32MP133CAE3, STM32MP133CAF3, STM32MP133CAG3, STM32MP133DAE7, STM32MP133DAF7, STM32MP133DAG7, STM32MP133FAE7, STM32MP133FAF7, STM32MP133FAG7, STM32MP135AAE3, STM32MP135AAF3, STM32MP135AAG3, STM32MP135CAE3, STM32MP135CAF3, STM32MP135CAG3, STM32MP135DAE7, STM32MP135DAF7, STM32MP135DAG7, STM32MP135F-DK, STM32MP135FAE7, STM32MP135FAF7, STM32MP135FAF7T, STM32MP135FAF7U, STM32MP135FAG7, STM32U595ZJT6Q, STM32U599BJY6QTR, STM32U599NIH6Q, STM32U599NJH6Q, STM32U5A5ZJT6Q, STM32U5A9BJY6QTR, STM32U5A9NJH6Q, STM32WB1MMCH6, STM32WL5MOCH6TR]
2023-01-30 17:17:41,670 [INFO] BoardInfo:879 - No configuration file found for board P-NUCLEO-WB55
2023-01-30 17:17:41,670 [INFO] DbBoards:156 - Kit is not supported: P-NUCLEO-WB55
2023-01-30 17:17:41,683 [INFO] BoardInfo:879 - No configuration file found for board STEVAL-BFA001V1B
2023-01-30 17:17:41,683 [INFO] DbBoards:156 - Kit is not supported: STEVAL-BFA001V1B
2023-01-30 17:17:41,686 [INFO] BoardInfo:879 - No configuration file found for board STEVAL-BFA001V2B
2023-01-30 17:17:41,686 [INFO] DbBoards:156 - Kit is not supported: STEVAL-BFA001V2B
2023-01-30 17:17:42,058 [INFO] DbBoards:160 - Found 179 boards, 176 are supported
2023-01-30 17:17:42,076 [INFO] ApiDb:422 - Load user favorites file /home/harini/.stm32cubeide/favorites.boards.txt: 0 item(s)
2023-01-30 17:17:42,077 [INFO] ApiDb:426 - User favorites Boards=[]
2023-01-30 17:17:42,077 [INFO] DbBoards:189 - Set 0 / 0 favorites Boards
2023-01-30 17:17:46,082 [INFO] MultiScanPanel:196 - Auto-refresh data requested => check proxy status ongoing
2023-01-30 17:17:46,478 [INFO] LoadUrlFilesThread:179 - End of LoadServerUrlFiles without Thread
2023-01-30 17:17:46,479 [INFO] DetailPanel:339 - Set advertising image to /home/harini/STM32Cube/Repository//en.prom-stm32c0-0123.jpg
2023-01-30 17:17:46,521 [INFO] DbBoards:633 - Loading board mini-images...
2023-01-30 17:17:46,783 [ERROR] DbBoards:650 - Image file not found for board B-WL5M-SUBG1: /home/harini/.stmcufinder/plugins/mcufinder//mcu//boards_images/B-WL5M-SUBG1.jpg
2023-01-30 17:17:50,046 [INFO] DbBoards:656 - Loaded 178 board mini-images
2023-01-30 17:18:23,493 [INFO] McuFinderGlobals:65 - Set McuFinderConnectedMode to true
2023-01-30 17:18:23,510 [INFO] ApiDb:447 - Save user favorites file /home/harini/.stm32cubeide/favorites.mcus.txt: 0 item(s)
2023-01-30 17:18:23,510 [INFO] ApiDb:451 - User favorites MCUs=[]
2023-01-30 17:18:23,518 [INFO] ApiDb:447 - Save user favorites file /home/harini/.stm32cubeide/favorites.boards.txt: 0 item(s)
2023-01-30 17:18:23,518 [INFO] ApiDb:451 - User favorites Boards=[]
2023-01-30 17:22:09,738 [ERROR] ConfigurationRetriever:140 - IOException on connection: Read timed out
2023-01-30 17:58:36,219 [INFO] MainUpdater:2800 - connection check result : 10
2023-01-30 17:58:36,365 [INFO] McuFinderGlobals:65 - Set McuFinderConnectedMode to true
2023-01-30 17:58:36,367 [INFO] MultiScanPanel:196 - Auto-refresh data requested => check proxy status ongoing
2023-01-30 17:58:36,367 [INFO] FinderPluginLoader:92 - Searching for filters in installed packs
2023-01-30 17:58:37,650 [INFO] LoadUrlFilesThread:179 - End of LoadServerUrlFiles without Thread
2023-01-30 17:58:37,651 [INFO] DetailPanel:339 - Set advertising image to /home/harini/STM32Cube/Repository//en.prom-stm32c0-0123.jpg
2023-01-30 17:59:08,130 [INFO] MultiScanPanel:196 - Auto-refresh data requested => check proxy status ongoing
2023-01-30 17:59:08,275 [INFO] LoadUrlFilesThread:179 - End of LoadServerUrlFiles without Thread
2023-01-30 17:59:08,275 [INFO] DetailPanel:339 - Set advertising image to /home/harini/STM32Cube/Repository//en.prom-stm32c0-0123.jpg
2023-01-30 18:00:10,374 [INFO] McuFinderGlobals:65 - Set McuFinderConnectedMode to true
2023-01-30 18:00:10,379 [INFO] ApiDb:447 - Save user favorites file /home/harini/.stm32cubeide/favorites.mcus.txt: 0 item(s)
2023-01-30 18:00:10,379 [INFO] ApiDb:451 - User favorites MCUs=[]
2023-01-30 18:00:10,380 [INFO] ApiDb:447 - Save user favorites file /home/harini/.stm32cubeide/favorites.boards.txt: 0 item(s)
2023-01-30 18:00:10,380 [INFO] ApiDb:451 - User favorites Boards=[]
2023-01-30 18:00:17,529 [INFO] MainUpdater:2800 - connection check result : 10
2023-01-30 18:00:17,663 [INFO] McuFinderGlobals:65 - Set McuFinderConnectedMode to true
2023-01-30 18:00:17,664 [INFO] MultiScanPanel:196 - Auto-refresh data requested => check proxy status ongoing
2023-01-30 18:00:17,664 [INFO] FinderPluginLoader:92 - Searching for filters in installed packs
2023-01-30 18:00:18,918 [INFO] LoadUrlFilesThread:179 - End of LoadServerUrlFiles without Thread
2023-01-30 18:00:18,918 [INFO] DetailPanel:339 - Set advertising image to /home/harini/STM32Cube/Repository//en.prom-stm32c0-0123.jpg
2023-01-30 18:00:23,098 [INFO] MultiScanPanel:196 - Auto-refresh data requested => check proxy status ongoing
2023-01-30 18:00:23,258 [INFO] LoadUrlFilesThread:179 - End of LoadServerUrlFiles without Thread
2023-01-30 18:00:23,259 [INFO] DetailPanel:339 - Set advertising image to /home/harini/STM32Cube/Repository//en.prom-stm32c0-0123.jpg
2023-01-30 18:00:48,007 [INFO] McuFinderGlobals:65 - Set McuFinderConnectedMode to true
2023-01-30 18:00:48,009 [INFO] ApiDb:447 - Save user favorites file /home/harini/.stm32cubeide/favorites.mcus.txt: 0 item(s)
2023-01-30 18:00:48,010 [INFO] ApiDb:451 - User favorites MCUs=[]
2023-01-30 18:00:48,011 [INFO] ApiDb:447 - Save user favorites file /home/harini/.stm32cubeide/favorites.boards.txt: 0 item(s)
2023-01-30 18:00:48,011 [INFO] ApiDb:451 - User favorites Boards=[]
2023-01-30 18:00:52,605 [INFO] MainUpdater:2800 - connection check result : 10
2023-01-30 18:00:52,897 [INFO] McuFinderGlobals:65 - Set McuFinderConnectedMode to true
2023-01-30 18:00:52,903 [INFO] MultiScanPanel:196 - Auto-refresh data requested => check proxy status ongoing
2023-01-30 18:00:52,903 [INFO] FinderPluginLoader:92 - Searching for filters in installed packs
2023-01-30 18:00:53,980 [INFO] LoadUrlFilesThread:179 - End of LoadServerUrlFiles without Thread
2023-01-30 18:00:53,981 [INFO] DetailPanel:339 - Set advertising image to /home/harini/STM32Cube/Repository//en.prom-stm32c0-0123.jpg
2023-01-30 18:00:56,694 [INFO] MultiScanPanel:196 - Auto-refresh data requested => check proxy status ongoing
2023-01-30 18:00:56,901 [INFO] LoadUrlFilesThread:179 - End of LoadServerUrlFiles without Thread
2023-01-30 18:00:56,901 [INFO] DetailPanel:339 - Set advertising image to /home/harini/STM32Cube/Repository//en.prom-stm32c0-0123.jpg
2023-01-30 18:01:19,740 [INFO] McuFinderGlobals:65 - Set McuFinderConnectedMode to true
2023-01-30 18:01:19,744 [INFO] ApiDb:447 - Save user favorites file /home/harini/.stm32cubeide/favorites.mcus.txt: 0 item(s)
2023-01-30 18:01:19,745 [INFO] ApiDb:451 - User favorites MCUs=[]
2023-01-30 18:01:19,746 [INFO] ApiDb:447 - Save user favorites file /home/harini/.stm32cubeide/favorites.boards.txt: 0 item(s)
2023-01-30 18:01:19,747 [INFO] ApiDb:451 - User favorites Boards=[]
2023-01-30 18:01:27,452 [INFO] MainUpdater:2800 - connection check result : 10
2023-01-30 18:01:27,576 [INFO] McuFinderGlobals:65 - Set McuFinderConnectedMode to true
2023-01-30 18:01:27,578 [INFO] MultiScanPanel:196 - Auto-refresh data requested => check proxy status ongoing
2023-01-30 18:01:27,578 [INFO] FinderPluginLoader:92 - Searching for filters in installed packs
2023-01-30 18:01:28,394 [INFO] LoadUrlFilesThread:179 - End of LoadServerUrlFiles without Thread
2023-01-30 18:01:28,394 [INFO] DetailPanel:339 - Set advertising image to /home/harini/STM32Cube/Repository//en.prom-stm32c0-0123.jpg
2023-01-30 18:01:30,954 [INFO] MultiScanPanel:196 - Auto-refresh data requested => check proxy status ongoing
2023-01-30 18:01:31,046 [INFO] LoadUrlFilesThread:179 - End of LoadServerUrlFiles without Thread
2023-01-30 18:01:31,047 [INFO] DetailPanel:339 - Set advertising image to /home/harini/STM32Cube/Repository//en.prom-stm32c0-0123.jpg
2023-01-30 18:01:55,962 [INFO] McuFinderGlobals:65 - Set McuFinderConnectedMode to true
2023-01-30 18:01:55,965 [INFO] ApiDb:447 - Save user favorites file /home/harini/.stm32cubeide/favorites.mcus.txt: 0 item(s)
2023-01-30 18:01:55,965 [INFO] ApiDb:451 - User favorites MCUs=[]
2023-01-30 18:01:55,966 [INFO] ApiDb:447 - Save user favorites file /home/harini/.stm32cubeide/favorites.boards.txt: 0 item(s)
2023-01-30 18:01:55,966 [INFO] ApiDb:451 - User favorites Boards=[]
2023-01-30 18:02:00,703 [INFO] MainUpdater:2800 - connection check result : 10
2023-01-30 18:02:00,818 [INFO] McuFinderGlobals:65 - Set McuFinderConnectedMode to true
2023-01-30 18:02:00,821 [INFO] MultiScanPanel:196 - Auto-refresh data requested => check proxy status ongoing
2023-01-30 18:02:00,821 [INFO] FinderPluginLoader:92 - Searching for filters in installed packs
2023-01-30 18:02:01,633 [INFO] LoadUrlFilesThread:179 - End of LoadServerUrlFiles without Thread
2023-01-30 18:02:01,633 [INFO] DetailPanel:339 - Set advertising image to /home/harini/STM32Cube/Repository//en.prom-stm32c0-0123.jpg
2023-01-30 18:02:03,899 [INFO] MultiScanPanel:196 - Auto-refresh data requested => check proxy status ongoing
2023-01-30 18:02:04,078 [INFO] LoadUrlFilesThread:179 - End of LoadServerUrlFiles without Thread
2023-01-30 18:02:04,078 [INFO] DetailPanel:339 - Set advertising image to /home/harini/STM32Cube/Repository//en.prom-stm32c0-0123.jpg
2023-01-30 18:02:33,117 [INFO] McuFinderGlobals:65 - Set McuFinderConnectedMode to true
2023-01-30 18:02:33,119 [INFO] ApiDb:447 - Save user favorites file /home/harini/.stm32cubeide/favorites.mcus.txt: 0 item(s)
2023-01-30 18:02:33,119 [INFO] ApiDb:451 - User favorites MCUs=[]
2023-01-30 18:02:33,122 [INFO] ApiDb:447 - Save user favorites file /home/harini/.stm32cubeide/favorites.boards.txt: 0 item(s)
2023-01-30 18:02:33,122 [INFO] ApiDb:451 - User favorites Boards=[]
2023-01-30 18:02:39,020 [INFO] MainUpdater:2800 - connection check result : 10
2023-01-30 18:02:39,136 [INFO] McuFinderGlobals:65 - Set McuFinderConnectedMode to true
2023-01-30 18:02:39,138 [INFO] MultiScanPanel:196 - Auto-refresh data requested => check proxy status ongoing
2023-01-30 18:02:39,138 [INFO] FinderPluginLoader:92 - Searching for filters in installed packs
2023-01-30 18:02:39,867 [INFO] LoadUrlFilesThread:179 - End of LoadServerUrlFiles without Thread
2023-01-30 18:02:39,867 [INFO] DetailPanel:339 - Set advertising image to /home/harini/STM32Cube/Repository//en.prom-stm32c0-0123.jpg
2023-01-30 18:02:42,136 [INFO] MultiScanPanel:196 - Auto-refresh data requested => check proxy status ongoing
2023-01-30 18:02:42,272 [INFO] LoadUrlFilesThread:179 - End of LoadServerUrlFiles without Thread
2023-01-30 18:02:42,272 [INFO] DetailPanel:339 - Set advertising image to /home/harini/STM32Cube/Repository//en.prom-stm32c0-0123.jpg
2023-01-30 18:03:08,647 [INFO] McuFinderGlobals:65 - Set McuFinderConnectedMode to true
2023-01-30 18:03:08,649 [INFO] ApiDb:447 - Save user favorites file /home/harini/.stm32cubeide/favorites.mcus.txt: 0 item(s)
2023-01-30 18:03:08,650 [INFO] ApiDb:451 - User favorites MCUs=[]
2023-01-30 18:03:08,651 [INFO] ApiDb:447 - Save user favorites file /home/harini/.stm32cubeide/favorites.boards.txt: 0 item(s)
2023-01-30 18:03:08,651 [INFO] ApiDb:451 - User favorites Boards=[]
2023-01-30 18:03:53,148 [INFO] MainUpdater:2800 - connection check result : 10
2023-01-30 18:03:53,258 [INFO] McuFinderGlobals:65 - Set McuFinderConnectedMode to true
2023-01-30 18:03:53,260 [INFO] MultiScanPanel:196 - Auto-refresh data requested => check proxy status ongoing
2023-01-30 18:03:53,261 [INFO] FinderPluginLoader:92 - Searching for filters in installed packs
2023-01-30 18:03:53,981 [INFO] LoadUrlFilesThread:179 - End of LoadServerUrlFiles without Thread
2023-01-30 18:03:53,981 [INFO] DetailPanel:339 - Set advertising image to /home/harini/STM32Cube/Repository//en.prom-stm32c0-0123.jpg
2023-01-30 18:03:57,053 [INFO] MultiScanPanel:196 - Auto-refresh data requested => check proxy status ongoing
2023-01-30 18:03:57,178 [INFO] LoadUrlFilesThread:179 - End of LoadServerUrlFiles without Thread
2023-01-30 18:03:57,178 [INFO] DetailPanel:339 - Set advertising image to /home/harini/STM32Cube/Repository//en.prom-stm32c0-0123.jpg
2023-01-30 18:05:12,824 [INFO] McuFinderGlobals:65 - Set McuFinderConnectedMode to true
2023-01-30 18:05:13,090 [INFO] ApiDb:447 - Save user favorites file /home/harini/.stm32cubeide/favorites.mcus.txt: 0 item(s)
2023-01-30 18:05:13,090 [INFO] ApiDb:451 - User favorites MCUs=[]
2023-01-30 18:05:13,090 [INFO] ApiDb:447 - Save user favorites file /home/harini/.stm32cubeide/favorites.boards.txt: 0 item(s)
2023-01-30 18:05:13,091 [INFO] ApiDb:451 - User favorites Boards=[]
2023-01-31 09:50:03,808 [INFO] JxBrowserEngine:114 - Initiate JxBrowser Engine with user profile folder
2023-01-31 09:50:05,397 [INFO] WebAppUi:459 - Close the Jxbrowser engine manually
2023-01-31 09:50:05,402 [INFO] WebAppUi:462 - Profiles folder deleted
2023-01-31 09:50:05,743 [ERROR] LogOutputStream:74 - [STDERR_REDIRECT] 
2023-01-31 10:04:59,491 [INFO] Activator:179 - 


2023-01-31 10:04:59,493 [INFO] Activator:180 - !SESSION log4j initialized
2023-01-31 10:05:15,808 [INFO] McuFinderGlobals:52 - Set McuFinder mode to 2 (CubeIDE integrated)
2023-01-31 10:05:15,966 [INFO] ApplicationProperties:181 - Using Application install path: /home/harini/st/stm32cubeide_1.11.0/plugins/com.st.stm32cube.common.mx_6.7.0.202211181646
2023-01-31 10:05:15,988 [INFO] DbMcusXml:77 - Set database path to: /home/harini/st/stm32cubeide_1.11.0/plugins/com.st.stm32cube.common.mx_6.7.0.202211181646//db//mcu/
2023-01-31 10:05:15,988 [INFO] ApiDb:273 - Set plugin database path to: /home/harini/st/stm32cubeide_1.11.0/plugins/com.st.stm32cube.common.mx_6.7.0.202211181646//db//plugins/boardmanager/
2023-01-31 10:05:15,993 [WARN] ApiDb:258 - Overriding images path with different value:  => /home/harini/st/stm32cubeide_1.11.0/plugins/com.st.stm32cube.common.mx_6.7.0.202211181646//db//plugins/mcufinder/images/
2023-01-31 10:05:16,015 [INFO] ApiDb:249 - Set database path to: /home/harini/.stmcufinder/plugins/mcufinder//mcu/
2023-01-31 10:05:16,016 [INFO] DbMcusAds:124 - Set database path to: /home/harini/.stmcufinder/plugins/mcufinder//mcu/
2023-01-31 10:05:16,019 [INFO] CrossReferenceDbSqlite:202 - Set database path to: /home/harini/.stmcufinder/plugins/mcufinder//mcu/cs/
2023-01-31 10:05:16,144 [INFO] RulesReader:61 - Compatibility file has been processed (283 Rules)
2023-01-31 10:05:16,212 [INFO] DbMcusXml:77 - Set database path to: /home/harini/st/stm32cubeide_1.11.0/plugins/com.st.stm32cube.common.mx_6.7.0.202211181646//db//mcu/
2023-01-31 10:05:16,213 [INFO] ApiDb:273 - Set plugin database path to: /home/harini/st/stm32cubeide_1.11.0/plugins/com.st.stm32cube.common.mx_6.7.0.202211181646//db//plugins/boardmanager/
2023-01-31 10:05:16,213 [INFO] ApiDb:260 - Set plugin images path to: /home/harini/st/stm32cubeide_1.11.0/plugins/com.st.stm32cube.common.mx_6.7.0.202211181646//db//plugins/mcufinder/images/
2023-01-31 10:05:16,213 [WARN] DbFile:40 - Overriding database path with different value: /home/harini/.stmcufinder/plugins/mcufinder/ => /home/harini/.stmcufinder/plugins/mcufinder
2023-01-31 10:05:16,214 [INFO] ApiDb:249 - Set database path to: /home/harini/.stmcufinder/plugins/mcufinder//mcu/
2023-01-31 10:05:16,214 [WARN] DbFile:40 - Overriding database path with different value: /home/harini/.stmcufinder/plugins/mcufinder/ => /home/harini/.stmcufinder/plugins/mcufinder
2023-01-31 10:05:16,214 [INFO] DbMcusAds:124 - Set database path to: /home/harini/.stmcufinder/plugins/mcufinder//mcu/
2023-01-31 10:05:16,215 [WARN] DbFile:40 - Overriding database path with different value: /home/harini/.stmcufinder/plugins/mcufinder/ => /home/harini/.stmcufinder/plugins/mcufinder
2023-01-31 10:05:16,216 [WARN] DbFile:40 - Overriding database path with different value: /home/harini/.stmcufinder/plugins/mcufinder/ => /home/harini/.stmcufinder/plugins/mcufinder
2023-01-31 10:05:16,216 [INFO] CrossReferenceDbSqlite:202 - Set database path to: /home/harini/.stmcufinder/plugins/mcufinder//mcu/cs/
2023-01-31 10:05:16,303 [INFO] MainPanel:252 - HeapMemory: 268435456
2023-01-31 10:05:16,429 [INFO] DbMcusXml:77 - Set database path to: /home/harini/st/stm32cubeide_1.11.0/plugins/com.st.stm32cube.common.mx_6.7.0.202211181646//db//mcu/
2023-01-31 10:05:16,429 [INFO] ApiDb:273 - Set plugin database path to: /home/harini/st/stm32cubeide_1.11.0/plugins/com.st.stm32cube.common.mx_6.7.0.202211181646//db//plugins/boardmanager/
2023-01-31 10:05:16,429 [INFO] ApiDb:260 - Set plugin images path to: /home/harini/st/stm32cubeide_1.11.0/plugins/com.st.stm32cube.common.mx_6.7.0.202211181646//db//plugins/mcufinder/images/
2023-01-31 10:05:16,430 [WARN] DbFile:40 - Overriding database path with different value: /home/harini/.stmcufinder/plugins/mcufinder/ => /home/harini/.stmcufinder/plugins/mcufinder
2023-01-31 10:05:16,430 [INFO] ApiDb:249 - Set database path to: /home/harini/.stmcufinder/plugins/mcufinder//mcu/
2023-01-31 10:05:16,431 [WARN] DbFile:40 - Overriding database path with different value: /home/harini/.stmcufinder/plugins/mcufinder/ => /home/harini/.stmcufinder/plugins/mcufinder
2023-01-31 10:05:16,431 [INFO] DbMcusAds:124 - Set database path to: /home/harini/.stmcufinder/plugins/mcufinder//mcu/
2023-01-31 10:05:16,431 [WARN] DbFile:40 - Overriding database path with different value: /home/harini/.stmcufinder/plugins/mcufinder/ => /home/harini/.stmcufinder/plugins/mcufinder
2023-01-31 10:05:16,431 [WARN] DbFile:40 - Overriding database path with different value: /home/harini/.stmcufinder/plugins/mcufinder/ => /home/harini/.stmcufinder/plugins/mcufinder
2023-01-31 10:05:16,431 [INFO] CrossReferenceDbSqlite:202 - Set database path to: /home/harini/.stmcufinder/plugins/mcufinder//mcu/cs/
2023-01-31 10:05:16,458 [INFO] ApplicationProperties:181 - Using Application install path: /home/harini/st/stm32cubeide_1.11.0/plugins/com.st.stm32cube.common.mx_6.7.0.202211181646
2023-01-31 10:05:16,460 [INFO] PluginManage:193 - Search for loadable plugins [exclusion list=, ]
2023-01-31 10:05:16,463 [INFO] PluginManage:307 - Check plugin analytics
2023-01-31 10:05:16,657 [INFO] AnalyticsPlugin:262 - Accepted Software Licenses: 
2023-01-31 10:05:16,657 [INFO] AnalyticsPlugin:264 - Accepted CMSIS Pack Licenses: 
2023-01-31 10:05:16,658 [INFO] AnalyticsPlugin:266 - Accepted Firmware Licenses: 
2023-01-31 10:05:16,669 [INFO] PluginManage:356 - Loaded plugin analytics (category:tool,tabindex:-1)
2023-01-31 10:05:16,670 [INFO] PluginManage:307 - Check plugin cadmodel
2023-01-31 10:05:16,735 [INFO] CADModel:104 - Init CAD model plugin
2023-01-31 10:05:16,735 [INFO] PluginManage:356 - Loaded plugin cadmodel (category:power,tabindex:5)
2023-01-31 10:05:16,736 [INFO] PluginManage:307 - Check plugin clock
2023-01-31 10:05:16,749 [INFO] PluginManage:356 - Loaded plugin clock (category:base,tabindex:2)
2023-01-31 10:05:16,749 [INFO] PluginManage:307 - Check plugin ddr
2023-01-31 10:05:16,755 [INFO] PluginManage:356 - Loaded plugin ddr (category:tool,tabindex:6)
2023-01-31 10:05:16,755 [INFO] PluginManage:307 - Check plugin filemanager
2023-01-31 10:05:16,973 [INFO] PluginManage:356 - Loaded plugin filemanager (category:base,tabindex:10)
2023-01-31 10:05:16,973 [INFO] PluginManage:307 - Check plugin ipmanager
2023-01-31 10:05:16,982 [INFO] PluginManage:356 - Loaded plugin ipmanager (category:base,tabindex:5)
2023-01-31 10:05:16,982 [INFO] PluginManage:307 - Check plugin lpbam
2023-01-31 10:05:16,997 [INFO] PluginManage:356 - Loaded plugin lpbam (category:base,tabindex:0)
2023-01-31 10:05:16,998 [INFO] PluginManage:307 - Check plugin pinoutandconfiguration
2023-01-31 10:05:17,009 [INFO] PluginManage:356 - Loaded plugin pinoutandconfiguration (category:base,tabindex:1)
2023-01-31 10:05:17,009 [INFO] PluginManage:307 - Check plugin pinoutconfig
2023-01-31 10:05:17,089 [INFO] PluginManage:356 - Loaded plugin pinoutconfig (category:base,tabindex:0)
2023-01-31 10:05:17,089 [INFO] PluginManage:307 - Check plugin power
2023-01-31 10:05:17,113 [INFO] PluginManage:356 - Loaded plugin power (category:power,tabindex:4)
2023-01-31 10:05:17,113 [INFO] PluginManage:307 - Check plugin projectmanager
2023-01-31 10:05:17,142 [INFO] PluginManage:356 - Loaded plugin projectmanager (category:projectmanager,tabindex:3)
2023-01-31 10:05:17,142 [INFO] PluginManage:307 - Check plugin thirdparty
2023-01-31 10:05:17,299 [INFO] PluginManage:356 - Loaded plugin thirdparty (category:base,tabindex:-1)
2023-01-31 10:05:17,299 [INFO] PluginManage:307 - Check plugin tools
2023-01-31 10:05:17,300 [WARN] IntegrityCheckThread:82 - waiting for thirdparty lock release [integrity check]
2023-01-31 10:05:17,301 [INFO] IntegrityCheckThread:84 - entering critical section [integrity check]
2023-01-31 10:05:17,303 [INFO] PluginManage:356 - Loaded plugin tools (category:base,tabindex:7)
2023-01-31 10:05:17,303 [INFO] PluginManage:307 - Check plugin tutovideos
2023-01-31 10:05:17,304 [INFO] ThirdPartyUpdaterWithRetryManager:70 - Updater plugin not ready yet. [1/15]
2023-01-31 10:05:17,574 [INFO] PluginManage:356 - Loaded plugin tutovideos (category:base,tabindex:-1)
2023-01-31 10:05:17,575 [INFO] PluginManage:307 - Check plugin updater
2023-01-31 10:05:17,590 [INFO] PluginManage:356 - Loaded plugin updater (category:base,tabindex:12)
2023-01-31 10:05:17,591 [INFO] PluginManage:280 - PluginManage : Loaded plugins [15]
2023-01-31 10:05:17,850 [INFO] PinOutPanel:1477 - setPackage(No Configuration,No Configuration)
2023-01-31 10:05:17,920 [INFO] CADModel:164 - CPN selected for project level
2023-01-31 10:05:17,921 [INFO] CADModel:113 - Register for checkConnection events
2023-01-31 10:05:17,998 [INFO] IPUIPlugin:79 - create IPUIPlugin
2023-01-31 10:05:17,998 [INFO] PluginManager:219 - loadIPPluginJar : add gfxmmu
2023-01-31 10:05:18,004 [INFO] IPUIPlugin:79 - create IPUIPlugin
2023-01-31 10:05:18,004 [INFO] PluginManager:219 - loadIPPluginJar : add fmc
2023-01-31 10:05:18,007 [INFO] IPUIPlugin:79 - create IPUIPlugin
2023-01-31 10:05:18,007 [INFO] PluginManager:219 - loadIPPluginJar : add cryp
2023-01-31 10:05:18,009 [INFO] IPUIPlugin:79 - create IPUIPlugin
2023-01-31 10:05:18,009 [INFO] PluginManager:219 - loadIPPluginJar : add ltdc
2023-01-31 10:05:18,012 [INFO] IPUIPlugin:79 - create IPUIPlugin
2023-01-31 10:05:18,012 [INFO] PluginManager:219 - loadIPPluginJar : add hash
2023-01-31 10:05:18,014 [INFO] IPUIPlugin:79 - create IPUIPlugin
2023-01-31 10:05:18,014 [INFO] PluginManager:219 - loadIPPluginJar : add i2s
2023-01-31 10:05:18,020 [INFO] IPUIPlugin:79 - create IPUIPlugin
2023-01-31 10:05:18,021 [INFO] PluginManager:219 - loadIPPluginJar : add gpio
2023-01-31 10:05:18,023 [INFO] IPUIPlugin:79 - create IPUIPlugin
2023-01-31 10:05:18,023 [INFO] PluginManager:219 - loadIPPluginJar : add tracer_emb
2023-01-31 10:05:18,026 [INFO] IPUIPlugin:79 - create IPUIPlugin
2023-01-31 10:05:18,027 [INFO] PluginManager:219 - loadIPPluginJar : add aes
2023-01-31 10:05:18,029 [INFO] IPUIPlugin:79 - create IPUIPlugin
2023-01-31 10:05:18,029 [INFO] PluginManager:219 - loadIPPluginJar : add ucpd
2023-01-31 10:05:18,031 [INFO] IPUIPlugin:79 - create IPUIPlugin
2023-01-31 10:05:18,031 [INFO] PluginManager:219 - loadIPPluginJar : add tim
2023-01-31 10:05:18,040 [INFO] IPUIPlugin:79 - create IPUIPlugin
2023-01-31 10:05:18,040 [INFO] PluginManager:219 - loadIPPluginJar : add linkedlist
2023-01-31 10:05:18,044 [INFO] IPUIPlugin:79 - create IPUIPlugin
2023-01-31 10:05:18,044 [INFO] PluginManager:219 - loadIPPluginJar : add dma3
2023-01-31 10:05:18,049 [INFO] IPUIPlugin:79 - create IPUIPlugin
2023-01-31 10:05:18,049 [INFO] PluginManager:219 - loadIPPluginJar : add resmgrutility
2023-01-31 10:05:18,051 [INFO] IPUIPlugin:79 - create IPUIPlugin
2023-01-31 10:05:18,051 [INFO] PluginManager:219 - loadIPPluginJar : add genericplugin
2023-01-31 10:05:18,054 [INFO] IPUIPlugin:79 - create IPUIPlugin
2023-01-31 10:05:18,054 [INFO] PluginManager:219 - loadIPPluginJar : add i2c
2023-01-31 10:05:18,058 [INFO] IPUIPlugin:79 - create IPUIPlugin
2023-01-31 10:05:18,059 [INFO] PluginManager:219 - loadIPPluginJar : add ipddr
2023-01-31 10:05:18,072 [INFO] IPUIPlugin:79 - create IPUIPlugin
2023-01-31 10:05:18,076 [INFO] PluginManager:219 - loadIPPluginJar : add plateformsettings
2023-01-31 10:05:18,078 [INFO] IPUIPlugin:79 - create IPUIPlugin
2023-01-31 10:05:18,079 [INFO] PluginManager:219 - loadIPPluginJar : add comp
2023-01-31 10:05:18,081 [INFO] IPUIPlugin:79 - create IPUIPlugin
2023-01-31 10:05:18,081 [INFO] PluginManager:219 - loadIPPluginJar : add ts
2023-01-31 10:05:18,089 [INFO] IPUIPlugin:79 - create IPUIPlugin
2023-01-31 10:05:18,089 [INFO] PluginManager:219 - loadIPPluginJar : add openamp
2023-01-31 10:05:18,093 [INFO] IPUIPlugin:79 - create IPUIPlugin
2023-01-31 10:05:18,093 [INFO] PluginManager:219 - loadIPPluginJar : add spi
2023-01-31 10:05:18,096 [INFO] IPUIPlugin:79 - create IPUIPlugin
2023-01-31 10:05:18,096 [INFO] PluginManager:219 - loadIPPluginJar : add usart
2023-01-31 10:05:18,098 [INFO] IPUIPlugin:79 - create IPUIPlugin
2023-01-31 10:05:18,098 [INFO] PluginManager:219 - loadIPPluginJar : add lorawan
2023-01-31 10:05:18,100 [INFO] IPUIPlugin:79 - create IPUIPlugin
2023-01-31 10:05:18,100 [INFO] PluginManager:219 - loadIPPluginJar : add quadspi
2023-01-31 10:05:18,106 [INFO] IPUIPlugin:79 - create IPUIPlugin
2023-01-31 10:05:18,106 [INFO] PluginManager:219 - loadIPPluginJar : add gic
2023-01-31 10:05:18,109 [INFO] IPUIPlugin:79 - create IPUIPlugin
2023-01-31 10:05:18,110 [INFO] PluginManager:219 - loadIPPluginJar : add touchsensing
2023-01-31 10:05:18,116 [INFO] IPUIPlugin:79 - create IPUIPlugin
2023-01-31 10:05:18,117 [INFO] PluginManager:219 - loadIPPluginJar : add freertos
2023-01-31 10:05:18,120 [INFO] IPUIPlugin:79 - create IPUIPlugin
2023-01-31 10:05:18,120 [INFO] PluginManager:219 - loadIPPluginJar : add usbx
2023-01-31 10:05:18,126 [INFO] IPUIPlugin:79 - create IPUIPlugin
2023-01-31 10:05:18,127 [INFO] PluginManager:219 - loadIPPluginJar : add dma
2023-01-31 10:05:18,131 [INFO] IPUIPlugin:79 - create IPUIPlugin
2023-01-31 10:05:18,131 [INFO] PluginManager:219 - loadIPPluginJar : add stm32_wpan
2023-01-31 10:05:18,134 [INFO] IPUIPlugin:79 - create IPUIPlugin
2023-01-31 10:05:18,134 [INFO] PluginManager:219 - loadIPPluginJar : add pdm2pcm
2023-01-31 10:05:18,139 [INFO] IPUIPlugin:79 - create IPUIPlugin
2023-01-31 10:05:18,139 [INFO] PluginManager:219 - loadIPPluginJar : add opamp
2023-01-31 10:05:18,141 [INFO] IPUIPlugin:79 - create IPUIPlugin
2023-01-31 10:05:18,141 [INFO] PluginManager:219 - loadIPPluginJar : add fatfs
2023-01-31 10:05:18,145 [INFO] IPUIPlugin:79 - create IPUIPlugin
2023-01-31 10:05:18,145 [INFO] PluginManager:219 - loadIPPluginJar : add dfsdm
2023-01-31 10:05:18,152 [INFO] IPUIPlugin:79 - create IPUIPlugin
2023-01-31 10:05:18,152 [INFO] PluginManager:219 - loadIPPluginJar : add tsc
2023-01-31 10:05:18,159 [INFO] IPUIPlugin:79 - create IPUIPlugin
2023-01-31 10:05:18,159 [INFO] PluginManager:219 - loadIPPluginJar : add adc
2023-01-31 10:05:18,162 [INFO] IPUIPlugin:79 - create IPUIPlugin
2023-01-31 10:05:18,162 [INFO] PluginManager:219 - loadIPPluginJar : add gtzc
2023-01-31 10:05:18,166 [INFO] IPUIPlugin:79 - create IPUIPlugin
2023-01-31 10:05:18,166 [INFO] PluginManager:219 - loadIPPluginJar : add can
2023-01-31 10:05:18,170 [INFO] IPUIPlugin:79 - create IPUIPlugin
2023-01-31 10:05:18,171 [INFO] PluginManager:219 - loadIPPluginJar : add nvic
2023-01-31 10:05:18,173 [INFO] IPUIPlugin:79 - create IPUIPlugin
2023-01-31 10:05:18,174 [INFO] PluginManager:219 - loadIPPluginJar : add sai
2023-01-31 10:05:18,180 [INFO] IPUIPlugin:79 - create IPUIPlugin
2023-01-31 10:05:18,180 [INFO] PluginManager:219 - loadIPPluginJar : add mdma
2023-01-31 10:05:18,301 [INFO] CADModel:164 - CPN selected for project level
2023-01-31 10:05:18,302 [INFO] CADModel:113 - Register for checkConnection events
2023-01-31 10:05:18,303 [FATAL] Updater:308 - Updater called before beeing initialized
2023-01-31 10:05:18,304 [ERROR] CADModel:124 - Updater not yet initialized, retry later 
2023-01-31 10:05:18,540 [INFO] CADModel:164 - CPN selected for project level
2023-01-31 10:05:18,540 [INFO] CADModel:113 - Register for checkConnection events
2023-01-31 10:05:18,541 [FATAL] Updater:308 - Updater called before beeing initialized
2023-01-31 10:05:18,541 [ERROR] CADModel:124 - Updater not yet initialized, retry later 
2023-01-31 10:05:18,545 [FATAL] Updater:308 - Updater called before beeing initialized
2023-01-31 10:05:18,663 [FATAL] Updater:308 - Updater called before beeing initialized
2023-01-31 10:05:18,672 [INFO] DbMcusAds:52 - JSON generation date=Wed Jan 18 19:47:18 IST 2023 (1674051438939)
2023-01-31 10:05:18,672 [FATAL] Updater:308 - Updater called before beeing initialized
2023-01-31 10:05:18,724 [WARN] DetailPanel:344 - Failed to get advertising image, set to default
2023-01-31 10:05:18,870 [FATAL] Updater:308 - Updater called before beeing initialized
2023-01-31 10:05:18,872 [FATAL] Updater:308 - Updater called before beeing initialized
2023-01-31 10:05:18,872 [FATAL] Updater:308 - Updater called before beeing initialized
2023-01-31 10:05:18,872 [WARN] DetailPanel:344 - Failed to get advertising image, set to default
2023-01-31 10:05:18,873 [FATAL] Updater:308 - Updater called before beeing initialized
2023-01-31 10:05:18,940 [ERROR] Updater:1120 - MainUpdater not yet initialized. External WinMGr cannot be set.
2023-01-31 10:05:18,943 [INFO] Updater:1056 - Updater Version found : 6.7.0
2023-01-31 10:05:18,966 [INFO] ApplicationProperties:181 - Using Application install path: /home/harini/st/stm32cubeide_1.11.0/plugins/com.st.stm32cube.common.mx_6.7.0.202211181646
2023-01-31 10:05:19,153 [INFO] MainUpdater:2800 - connection check result : 10
2023-01-31 10:05:19,154 [INFO] MainUpdater:282 - Updater Check For Update Now.
2023-01-31 10:05:19,154 [INFO] MicroXplorer:481 - Change Database Version : DB.6.0.70
2023-01-31 10:05:19,319 [INFO] CheckServerUpdateThread:119 - End of CheckServer Thread
2023-01-31 10:05:19,363 [INFO] MainUpdater:2800 - connection check result : 10
2023-01-31 10:05:19,960 [INFO] ApiDb:580 - Connected to CubeFinder SQLite database (/home/harini/.stmcufinder/plugins/mcufinder/mcu/cube-finder-db.db)
2023-01-31 10:05:20,048 [INFO] ApiDb:667 - CubeFinder database Data Model version=2.1
2023-01-31 10:05:20,049 [INFO] ApiDb:668 - CubeFinder database Configuration version=3.0.35
2023-01-31 10:05:20,049 [INFO] ApiDb:669 - CubeFinder database generation date=2023-01-18 (1674054071)
2023-01-31 10:05:20,049 [INFO] ApiDb:670 - CubeFinder database FW Pack versions=[FP-ATR-ASTRA1_V1.1.1, STM32Cube_FW_C0_V1.0.1, STM32Cube_FW_F4_V1.27.1, STM32Cube_FW_F7_V1.17.0, STM32Cube_FW_G0_V1.6.1, STM32Cube_FW_G4_V1.5.0, STM32Cube_FW_H5_V0.5.1, STM32Cube_FW_H7_V1.11.0, STM32Cube_FW_L5_V1.5.0, STM32Cube_FW_U5_V1.1.1, STM32Cube_FW_WBA_V0.2.0, STM32Cube_FW_WB_V1.15.0, STM32Cube_FW_WB_V1.15.0RC1, STM32Cube_FW_WL_V1.3.0, X-CUBE-ALGOBUILD_V1.3.0, X-CUBE-ALS_V1.0.1, X-CUBE-AZRTOS-F4_V1.1.0, X-CUBE-AZRTOS-F7_V1.1.0, X-CUBE-AZRTOS-G0_V1.1.0, X-CUBE-AZRTOS-G4_V1.0.0, X-CUBE-AZRTOS-H7_V2.1.0, X-CUBE-AZRTOS-L4_V1.0.0, X-CUBE-AZRTOS-L5_V1.0.0, X-CUBE-AZRTOS-WL_V1.0.0, X-CUBE-BLE1_V6.2.4, X-CUBE-BLE2_V3.3.0, X-CUBE-BLEMGR_V1.3.0, X-CUBE-EEPRMA1_V4.1.0, X-CUBE-GNSS1_V6.0.0, X-CUBE-MEMS1_V9.1.0, X-CUBE-MEMS1_V9.3.0, X-CUBE-MEMS1_V9.4.0, X-CUBE-NFC4_V3.0.0, X-CUBE-NFC7_V1.0.0, X-CUBE-SFXS2LP1_V4.0.0, X-CUBE-SUBG2_V5.0.0]
2023-01-31 10:05:20,481 [WARN] PackLoader:242 - Cannot read IP mode file for STMicroelectronics.X-CUBE-GNSS1.6.0.0
2023-01-31 10:05:20,536 [WARN] PackLoader:242 - Cannot read IP mode file for STMicroelectronics.X-CUBE-AZRTOS-F4.1.1.0
2023-01-31 10:05:20,588 [WARN] PackLoader:242 - Cannot read IP mode file for STMicroelectronics.X-CUBE-AZRTOS-F7.1.1.0
2023-01-31 10:05:20,599 [WARN] PackLoader:242 - Cannot read IP mode file for STMicroelectronics.X-CUBE-BLE1.6.2.4
2023-01-31 10:05:20,612 [WARN] PackLoader:242 - Cannot read IP mode file for emotas.I-CUBE-CANOPEN.1.1.3
2023-01-31 10:05:20,619 [WARN] PackLoader:242 - Cannot read IP mode file for STMicroelectronics.X-CUBE-NFC4.2.0.5
2023-01-31 10:05:20,629 [WARN] PackLoader:242 - Cannot read IP mode file for STMicroelectronics.X-CUBE-DISPLAY.3.0.0
2023-01-31 10:05:20,641 [WARN] PackLoader:242 - Cannot read IP mode file for wolfSSL.I-CUBE-wolfSSL.5.5.4
2023-01-31 10:05:20,647 [WARN] PackLoader:242 - Cannot read IP mode file for STMicroelectronics.X-CUBE-NFC7.1.0.0
2023-01-31 10:05:20,655 [WARN] PackLoader:242 - Cannot read IP mode file for STMicroelectronics.X-CUBE-EEPRMA1.4.1.0
2023-01-31 10:05:20,665 [WARN] PackLoader:242 - Cannot read IP mode file for STMicroelectronics.X-CUBE-SFXS2LP1.4.0.0
2023-01-31 10:05:20,672 [WARN] PackLoader:242 - Cannot read IP mode file for STMicroelectronics.X-CUBE-BLE2.3.3.0
2023-01-31 10:05:20,679 [WARN] PackLoader:242 - Cannot read IP mode file for STMicroelectronics.X-CUBE-DISPLAY.2.2.0
2023-01-31 10:05:20,753 [WARN] PackLoader:242 - Cannot read IP mode file for STMicroelectronics.X-CUBE-TOF1.3.2.0
2023-01-31 10:05:20,840 [WARN] PackLoader:242 - Cannot read IP mode file for STMicroelectronics.X-CUBE-AZRTOS-H7.3.0.0
2023-01-31 10:05:20,909 [WARN] PackLoader:242 - Cannot read IP mode file for STMicroelectronics.X-CUBE-ISPU.1.1.0
2023-01-31 10:05:20,930 [WARN] PackLoader:242 - Cannot read IP mode file for RoweBots.I-CUBE-UNISONRTOS.5.5.0-4
2023-01-31 10:05:20,946 [WARN] PackLoader:242 - Cannot read IP mode file for STMicroelectronics.X-CUBE-TOUCHGFX.4.21.1
2023-01-31 10:05:20,952 [WARN] PackLoader:242 - Cannot read IP mode file for STMicroelectronics.X-CUBE-TOUCHGFX.4.21.0
2023-01-31 10:05:21,058 [WARN] PackLoader:242 - Cannot read IP mode file for STMicroelectronics.X-CUBE-MEMS1.9.4.0
2023-01-31 10:05:21,325 [WARN] PackLoader:242 - Cannot read IP mode file for STMicroelectronics.X-CUBE-AI.7.3.0
2023-01-31 10:05:21,335 [WARN] PackLoader:242 - Cannot read IP mode file for STMicroelectronics.X-CUBE-ALGOBUILD.1.3.0
2023-01-31 10:05:21,349 [WARN] PackLoader:242 - Cannot read IP mode file for STMicroelectronics.X-CUBE-AZRTOS-L5.1.1.0
2023-01-31 10:05:21,368 [WARN] PackLoader:242 - Cannot read IP mode file for STMicroelectronics.X-CUBE-AZRTOS-G0.1.1.0
2023-01-31 10:05:21,389 [WARN] PackLoader:242 - Cannot read IP mode file for STMicroelectronics.X-CUBE-SUBG2.5.0.0
2023-01-31 10:05:21,401 [WARN] PackLoader:242 - Cannot read IP mode file for STMicroelectronics.X-CUBE-NFC4.3.0.0
2023-01-31 10:05:21,404 [WARN] PackLoader:242 - Cannot read IP mode file for STMicroelectronics.FP-ATR-ASTRA1.1.1.1
2023-01-31 10:05:21,413 [WARN] PackLoader:242 - Cannot read IP mode file for STMicroelectronics.X-CUBE-BLEMGR.1.3.0
2023-01-31 10:05:21,438 [WARN] PackLoader:242 - Cannot read IP mode file for STMicroelectronics.X-CUBE-AZRTOS-G4.1.0.0
2023-01-31 10:05:21,444 [WARN] PackLoader:242 - Cannot read IP mode file for STMicroelectronics.FP-ATR-SIGFOX1.3.2.0
2023-01-31 10:05:21,463 [WARN] PackLoader:242 - Cannot read IP mode file for STMicroelectronics.X-CUBE-AZRTOS-L4.1.0.0
2023-01-31 10:05:21,484 [WARN] PackLoader:242 - Cannot read IP mode file for STMicroelectronics.X-CUBE-AZRTOS-WL.1.0.0
2023-01-31 10:05:21,518 [WARN] PackLoader:242 - Cannot read IP mode file for portGmbH.I-Cube-SoM-uGOAL.1.1.0
2023-01-31 10:05:21,524 [WARN] PackLoader:242 - Cannot read IP mode file for STMicroelectronics.X-CUBE-ALS.1.0.1
2023-01-31 10:05:21,563 [WARN] PackLoader:242 - Cannot read IP mode file for STMicroelectronics.X-CUBE-AZRTOS-WB.1.1.0
2023-01-31 10:05:21,648 [WARN] PackLoader:242 - Cannot read IP mode file for SEGGER.I-CUBE-embOS.1.3.0
2023-01-31 10:05:21,705 [INFO] ThirdParty:947 - Integrity check success = true
2023-01-31 10:05:21,706 [INFO] IntegrityCheckThread:98 - exiting critical section [integrity check]
2023-01-31 10:05:21,707 [INFO] IntegrityCheckThread:101 - End integrity checks thread
2023-01-31 10:05:23,314 [INFO] ApiDb:239 - Found 143 in-development CPN: [B-WB1M-WPAN1, B-WL5M-SUBG1, NUCLEO-C031C6, STEVAL-PROTEUS1, STEVAL-STWINBX1, STM320518-EVAL, STM32C0116-DK, STM32C011D6Y3TR, STM32C011D6Y6TR, STM32C011F4P3, STM32C011F4P6, STM32C011F4U3, STM32C011F4U6TR, STM32C011F6P3, STM32C011F6P6, STM32C011F6U3, STM32C011F6U6TR, STM32C011J4M3, STM32C011J4M6, STM32C011J6M3, STM32C011J6M6, STM32C0316-DK, STM32C031C4T3, STM32C031C4T6, STM32C031C4U3, STM32C031C4U6, STM32C031C6T3, STM32C031C6T6, STM32C031C6U3, STM32C031C6U6, STM32C031F4P3, STM32C031F4P6, STM32C031F6P3, STM32C031F6P6, STM32C031G4U3, STM32C031G4U6, STM32C031G6U3, STM32C031G6U6, STM32C031K4T3, STM32C031K4T6, STM32C031K4U3, STM32C031K4U6, STM32C031K6T3, STM32C031K6T6, STM32C031K6U3, STM32C031K6U6, STM32G071K8TXN, STM32G071K8UXN, STM32G081GBU6N, STM32G081KBT6N, STM32G081KBUXN, STM32G0B1CCT6N, STM32G0B1KCT6, STM32G0B1NEY6TR, STM32G0B1RCT6N, STM32G0C1CCT6, STM32G0C1CCT6N, STM32G0C1CCU6N, STM32G0C1CET6N, STM32G0C1CEU6N, STM32G0C1KCT6, STM32G0C1NEY6TR, STM32G0C1RCI6N, STM32G0C1RCT6N, STM32G0C1REI6N, STM32G0C1RET6N, STM32G0C1VCI6, STM32G0C1VEI6, STM32G471CCT6, STM32G471CCU6, STM32G471CET3, STM32G471CET6, STM32G471CEU3, STM32G471CEU6, STM32G471MCT6, STM32G471MET3, STM32G471MET6, STM32G471MEY6TR, STM32G471QCT6, STM32G471QET3, STM32G471RCT6, STM32G471RET3, STM32G471RET6, STM32G471VCH6, STM32G471VCI6, STM32G471VCT6, STM32G471VEH3, STM32G471VEH6, STM32G471VEI3, STM32G471VEI6, STM32G471VET3, STM32G471VET6, STM32G474CCT6, STM32L476VGY6PTR, STM32L4R5QGI6STR, STM32MP131AAE3, STM32MP131AAF3, STM32MP131AAG3, STM32MP131CAE3, STM32MP131CAF3, STM32MP131CAG3, STM32MP131DAE7, STM32MP131DAF7, STM32MP131DAG7, STM32MP131FAE7, STM32MP131FAF7, STM32MP131FAG7, STM32MP133AAE3, STM32MP133AAF3, STM32MP133AAG3, STM32MP133CAE3, STM32MP133CAF3, STM32MP133CAG3, STM32MP133DAE7, STM32MP133DAF7, STM32MP133DAG7, STM32MP133FAE7, STM32MP133FAF7, STM32MP133FAG7, STM32MP135AAE3, STM32MP135AAF3, STM32MP135AAG3, STM32MP135CAE3, STM32MP135CAF3, STM32MP135CAG3, STM32MP135DAE7, STM32MP135DAF7, STM32MP135DAG7, STM32MP135F-DK, STM32MP135FAE7, STM32MP135FAF7, STM32MP135FAF7T, STM32MP135FAF7U, STM32MP135FAG7, STM32U595ZJT6Q, STM32U599BJY6QTR, STM32U599NIH6Q, STM32U599NJH6Q, STM32U5A5ZJT6Q, STM32U5A9BJY6QTR, STM32U5A9NJH6Q, STM32WB1MMCH6, STM32WL5MOCH6TR]
2023-01-31 10:05:23,318 [INFO] DbMcus:215 - Found 3582 MCUs, 3582 are supported
2023-01-31 10:05:23,320 [INFO] ApiDb:422 - Load user favorites file /home/harini/.stm32cubeide/favorites.mcus.txt: 0 item(s)
2023-01-31 10:05:23,320 [INFO] ApiDb:426 - User favorites MCUs=[]
2023-01-31 10:05:23,321 [INFO] DbMcus:221 - Set 0 / 0 favorites MCUs
2023-01-31 10:05:23,699 [INFO] McuFinderGlobals:65 - Set McuFinderConnectedMode to true
2023-01-31 10:05:23,711 [INFO] MultiScanPanel:196 - Auto-refresh data requested => check proxy status ongoing
2023-01-31 10:05:23,713 [INFO] FinderPluginLoader:92 - Searching for filters in installed packs
2023-01-31 10:05:25,737 [INFO] LoadUrlFilesThread:179 - End of LoadServerUrlFiles without Thread
2023-01-31 10:05:25,764 [INFO] DetailPanel:339 - Set advertising image to /home/harini/STM32Cube/Repository//en.prom-stm32c0-0123.jpg
2023-01-31 10:05:26,925 [INFO] ApiDb:667 - CubeFinder database Data Model version=2.1
2023-01-31 10:05:26,925 [INFO] ApiDb:668 - CubeFinder database Configuration version=3.0.35
2023-01-31 10:05:26,925 [INFO] ApiDb:669 - CubeFinder database generation date=2023-01-18 (1674054071)
2023-01-31 10:05:26,925 [INFO] ApiDb:670 - CubeFinder database FW Pack versions=[FP-ATR-ASTRA1_V1.1.1, STM32Cube_FW_C0_V1.0.1, STM32Cube_FW_F4_V1.27.1, STM32Cube_FW_F7_V1.17.0, STM32Cube_FW_G0_V1.6.1, STM32Cube_FW_G4_V1.5.0, STM32Cube_FW_H5_V0.5.1, STM32Cube_FW_H7_V1.11.0, STM32Cube_FW_L5_V1.5.0, STM32Cube_FW_U5_V1.1.1, STM32Cube_FW_WBA_V0.2.0, STM32Cube_FW_WB_V1.15.0, STM32Cube_FW_WB_V1.15.0RC1, STM32Cube_FW_WL_V1.3.0, X-CUBE-ALGOBUILD_V1.3.0, X-CUBE-ALS_V1.0.1, X-CUBE-AZRTOS-F4_V1.1.0, X-CUBE-AZRTOS-F7_V1.1.0, X-CUBE-AZRTOS-G0_V1.1.0, X-CUBE-AZRTOS-G4_V1.0.0, X-CUBE-AZRTOS-H7_V2.1.0, X-CUBE-AZRTOS-L4_V1.0.0, X-CUBE-AZRTOS-L5_V1.0.0, X-CUBE-AZRTOS-WL_V1.0.0, X-CUBE-BLE1_V6.2.4, X-CUBE-BLE2_V3.3.0, X-CUBE-BLEMGR_V1.3.0, X-CUBE-EEPRMA1_V4.1.0, X-CUBE-GNSS1_V6.0.0, X-CUBE-MEMS1_V9.1.0, X-CUBE-MEMS1_V9.3.0, X-CUBE-MEMS1_V9.4.0, X-CUBE-NFC4_V3.0.0, X-CUBE-NFC7_V1.0.0, X-CUBE-SFXS2LP1_V4.0.0, X-CUBE-SUBG2_V5.0.0]
2023-01-31 10:05:26,987 [INFO] DbBoardsSqlite:225 - include board P-NUCLEO-WB55-NUCLEO as a kit item of type 'Nucleo-64'
2023-01-31 10:05:26,988 [INFO] DbBoardsSqlite:225 - include board P-NUCLEO-WB55-USBDONGLE as a kit item of type 'Nucleo USB Dongle'
2023-01-31 10:05:26,988 [INFO] DbBoardsSqlite:225 - include board STEVAL-IDP005V1 as a kit item of type 'Evaluation Board'
2023-01-31 10:05:26,989 [INFO] DbBoardsSqlite:225 - include board STEVAL-IDP005V2 as a kit item of type 'Evaluation Board'
2023-01-31 10:05:27,026 [INFO] ApiDb:239 - Found 143 in-development CPN: [B-WB1M-WPAN1, B-WL5M-SUBG1, NUCLEO-C031C6, STEVAL-PROTEUS1, STEVAL-STWINBX1, STM320518-EVAL, STM32C0116-DK, STM32C011D6Y3TR, STM32C011D6Y6TR, STM32C011F4P3, STM32C011F4P6, STM32C011F4U3, STM32C011F4U6TR, STM32C011F6P3, STM32C011F6P6, STM32C011F6U3, STM32C011F6U6TR, STM32C011J4M3, STM32C011J4M6, STM32C011J6M3, STM32C011J6M6, STM32C0316-DK, STM32C031C4T3, STM32C031C4T6, STM32C031C4U3, STM32C031C4U6, STM32C031C6T3, STM32C031C6T6, STM32C031C6U3, STM32C031C6U6, STM32C031F4P3, STM32C031F4P6, STM32C031F6P3, STM32C031F6P6, STM32C031G4U3, STM32C031G4U6, STM32C031G6U3, STM32C031G6U6, STM32C031K4T3, STM32C031K4T6, STM32C031K4U3, STM32C031K4U6, STM32C031K6T3, STM32C031K6T6, STM32C031K6U3, STM32C031K6U6, STM32G071K8TXN, STM32G071K8UXN, STM32G081GBU6N, STM32G081KBT6N, STM32G081KBUXN, STM32G0B1CCT6N, STM32G0B1KCT6, STM32G0B1NEY6TR, STM32G0B1RCT6N, STM32G0C1CCT6, STM32G0C1CCT6N, STM32G0C1CCU6N, STM32G0C1CET6N, STM32G0C1CEU6N, STM32G0C1KCT6, STM32G0C1NEY6TR, STM32G0C1RCI6N, STM32G0C1RCT6N, STM32G0C1REI6N, STM32G0C1RET6N, STM32G0C1VCI6, STM32G0C1VEI6, STM32G471CCT6, STM32G471CCU6, STM32G471CET3, STM32G471CET6, STM32G471CEU3, STM32G471CEU6, STM32G471MCT6, STM32G471MET3, STM32G471MET6, STM32G471MEY6TR, STM32G471QCT6, STM32G471QET3, STM32G471RCT6, STM32G471RET3, STM32G471RET6, STM32G471VCH6, STM32G471VCI6, STM32G471VCT6, STM32G471VEH3, STM32G471VEH6, STM32G471VEI3, STM32G471VEI6, STM32G471VET3, STM32G471VET6, STM32G474CCT6, STM32L476VGY6PTR, STM32L4R5QGI6STR, STM32MP131AAE3, STM32MP131AAF3, STM32MP131AAG3, STM32MP131CAE3, STM32MP131CAF3, STM32MP131CAG3, STM32MP131DAE7, STM32MP131DAF7, STM32MP131DAG7, STM32MP131FAE7, STM32MP131FAF7, STM32MP131FAG7, STM32MP133AAE3, STM32MP133AAF3, STM32MP133AAG3, STM32MP133CAE3, STM32MP133CAF3, STM32MP133CAG3, STM32MP133DAE7, STM32MP133DAF7, STM32MP133DAG7, STM32MP133FAE7, STM32MP133FAF7, STM32MP133FAG7, STM32MP135AAE3, STM32MP135AAF3, STM32MP135AAG3, STM32MP135CAE3, STM32MP135CAF3, STM32MP135CAG3, STM32MP135DAE7, STM32MP135DAF7, STM32MP135DAG7, STM32MP135F-DK, STM32MP135FAE7, STM32MP135FAF7, STM32MP135FAF7T, STM32MP135FAF7U, STM32MP135FAG7, STM32U595ZJT6Q, STM32U599BJY6QTR, STM32U599NIH6Q, STM32U599NJH6Q, STM32U5A5ZJT6Q, STM32U5A9BJY6QTR, STM32U5A9NJH6Q, STM32WB1MMCH6, STM32WL5MOCH6TR]
2023-01-31 10:05:27,116 [INFO] BoardInfo:879 - No configuration file found for board P-NUCLEO-WB55
2023-01-31 10:05:27,116 [INFO] DbBoards:156 - Kit is not supported: P-NUCLEO-WB55
2023-01-31 10:05:27,122 [INFO] BoardInfo:879 - No configuration file found for board STEVAL-BFA001V1B
2023-01-31 10:05:27,123 [INFO] DbBoards:156 - Kit is not supported: STEVAL-BFA001V1B
2023-01-31 10:05:27,124 [INFO] BoardInfo:879 - No configuration file found for board STEVAL-BFA001V2B
2023-01-31 10:05:27,125 [INFO] DbBoards:156 - Kit is not supported: STEVAL-BFA001V2B
2023-01-31 10:05:27,274 [INFO] DbBoards:160 - Found 179 boards, 176 are supported
2023-01-31 10:05:27,283 [INFO] ApiDb:422 - Load user favorites file /home/harini/.stm32cubeide/favorites.boards.txt: 0 item(s)
2023-01-31 10:05:27,284 [INFO] ApiDb:426 - User favorites Boards=[]
2023-01-31 10:05:27,284 [INFO] DbBoards:189 - Set 0 / 0 favorites Boards
2023-01-31 10:05:28,754 [ERROR] LogOutputStream:74 - [STDERR_REDIRECT] SLF4J: Failed to load class "org.slf4j.impl.StaticLoggerBinder".
2023-01-31 10:05:28,760 [ERROR] LogOutputStream:74 - [STDERR_REDIRECT] SLF4J: Defaulting to no-operation (NOP) logger implementation
2023-01-31 10:05:28,761 [ERROR] LogOutputStream:74 - [STDERR_REDIRECT] SLF4J: See http://www.slf4j.org/codes.html#StaticLoggerBinder for further details.
2023-01-31 10:05:50,311 [INFO] MultiScanPanel:196 - Auto-refresh data requested => check proxy status ongoing
2023-01-31 10:05:50,514 [INFO] LoadUrlFilesThread:179 - End of LoadServerUrlFiles without Thread
2023-01-31 10:05:50,515 [INFO] DetailPanel:339 - Set advertising image to /home/harini/STM32Cube/Repository//en.prom-stm32c0-0123.jpg
2023-01-31 10:05:50,537 [INFO] DbBoards:633 - Loading board mini-images...
2023-01-31 10:05:50,757 [ERROR] DbBoards:650 - Image file not found for board B-WL5M-SUBG1: /home/harini/.stmcufinder/plugins/mcufinder//mcu//boards_images/B-WL5M-SUBG1.jpg
2023-01-31 10:05:57,249 [INFO] DbBoards:656 - Loaded 178 board mini-images
2023-01-31 10:06:26,544 [INFO] McuFinderGlobals:65 - Set McuFinderConnectedMode to true
2023-01-31 10:06:26,547 [INFO] ApiDb:447 - Save user favorites file /home/harini/.stm32cubeide/favorites.mcus.txt: 0 item(s)
2023-01-31 10:06:26,547 [INFO] ApiDb:451 - User favorites MCUs=[]
2023-01-31 10:06:26,548 [INFO] ApiDb:447 - Save user favorites file /home/harini/.stm32cubeide/favorites.boards.txt: 0 item(s)
2023-01-31 10:06:26,549 [INFO] ApiDb:451 - User favorites Boards=[]
2023-01-31 10:06:32,115 [INFO] MainUpdater:2800 - connection check result : 10
2023-01-31 10:06:32,346 [INFO] McuFinderGlobals:65 - Set McuFinderConnectedMode to true
2023-01-31 10:06:32,347 [INFO] MultiScanPanel:196 - Auto-refresh data requested => check proxy status ongoing
2023-01-31 10:06:32,348 [INFO] FinderPluginLoader:92 - Searching for filters in installed packs
2023-01-31 10:06:33,622 [INFO] LoadUrlFilesThread:179 - End of LoadServerUrlFiles without Thread
2023-01-31 10:06:33,623 [INFO] DetailPanel:339 - Set advertising image to /home/harini/STM32Cube/Repository//en.prom-stm32c0-0123.jpg
2023-01-31 10:06:40,335 [INFO] MultiScanPanel:196 - Auto-refresh data requested => check proxy status ongoing
2023-01-31 10:06:40,469 [INFO] LoadUrlFilesThread:179 - End of LoadServerUrlFiles without Thread
2023-01-31 10:06:40,469 [INFO] DetailPanel:339 - Set advertising image to /home/harini/STM32Cube/Repository//en.prom-stm32c0-0123.jpg
2023-01-31 10:07:08,123 [INFO] McuFinderGlobals:65 - Set McuFinderConnectedMode to true
2023-01-31 10:07:08,131 [INFO] ApiDb:447 - Save user favorites file /home/harini/.stm32cubeide/favorites.mcus.txt: 0 item(s)
2023-01-31 10:07:08,132 [INFO] ApiDb:451 - User favorites MCUs=[]
2023-01-31 10:07:08,134 [INFO] ApiDb:447 - Save user favorites file /home/harini/.stm32cubeide/favorites.boards.txt: 0 item(s)
2023-01-31 10:07:08,134 [INFO] ApiDb:451 - User favorites Boards=[]
2023-01-31 10:07:15,625 [INFO] MainUpdater:2800 - connection check result : 10
2023-01-31 10:07:15,783 [INFO] McuFinderGlobals:65 - Set McuFinderConnectedMode to true
2023-01-31 10:07:15,786 [INFO] MultiScanPanel:196 - Auto-refresh data requested => check proxy status ongoing
2023-01-31 10:07:15,787 [INFO] FinderPluginLoader:92 - Searching for filters in installed packs
2023-01-31 10:07:16,951 [INFO] LoadUrlFilesThread:179 - End of LoadServerUrlFiles without Thread
2023-01-31 10:07:16,951 [INFO] DetailPanel:339 - Set advertising image to /home/harini/STM32Cube/Repository//en.prom-stm32c0-0123.jpg
2023-01-31 10:07:23,049 [INFO] MultiScanPanel:196 - Auto-refresh data requested => check proxy status ongoing
2023-01-31 10:07:23,197 [INFO] LoadUrlFilesThread:179 - End of LoadServerUrlFiles without Thread
2023-01-31 10:07:23,197 [INFO] DetailPanel:339 - Set advertising image to /home/harini/STM32Cube/Repository//en.prom-stm32c0-0123.jpg
2023-01-31 10:07:58,927 [INFO] McuFinderGlobals:65 - Set McuFinderConnectedMode to true
2023-01-31 10:07:58,929 [INFO] ApiDb:447 - Save user favorites file /home/harini/.stm32cubeide/favorites.mcus.txt: 0 item(s)
2023-01-31 10:07:58,929 [INFO] ApiDb:451 - User favorites MCUs=[]
2023-01-31 10:07:58,930 [INFO] ApiDb:447 - Save user favorites file /home/harini/.stm32cubeide/favorites.boards.txt: 0 item(s)
2023-01-31 10:07:58,930 [INFO] ApiDb:451 - User favorites Boards=[]
2023-01-31 10:08:07,145 [INFO] MainUpdater:2800 - connection check result : 10
2023-01-31 10:08:07,294 [INFO] McuFinderGlobals:65 - Set McuFinderConnectedMode to true
2023-01-31 10:08:07,299 [INFO] MultiScanPanel:196 - Auto-refresh data requested => check proxy status ongoing
2023-01-31 10:08:07,299 [INFO] FinderPluginLoader:92 - Searching for filters in installed packs
2023-01-31 10:08:08,308 [INFO] LoadUrlFilesThread:179 - End of LoadServerUrlFiles without Thread
2023-01-31 10:08:08,308 [INFO] DetailPanel:339 - Set advertising image to /home/harini/STM32Cube/Repository//en.prom-stm32c0-0123.jpg
2023-01-31 10:08:14,855 [INFO] MultiScanPanel:196 - Auto-refresh data requested => check proxy status ongoing
2023-01-31 10:08:15,002 [INFO] LoadUrlFilesThread:179 - End of LoadServerUrlFiles without Thread
2023-01-31 10:08:15,003 [INFO] DetailPanel:339 - Set advertising image to /home/harini/STM32Cube/Repository//en.prom-stm32c0-0123.jpg
2023-01-31 10:08:55,431 [INFO] McuFinderGlobals:65 - Set McuFinderConnectedMode to true
2023-01-31 10:08:55,436 [INFO] ApiDb:447 - Save user favorites file /home/harini/.stm32cubeide/favorites.mcus.txt: 0 item(s)
2023-01-31 10:08:55,436 [INFO] ApiDb:451 - User favorites MCUs=[]
2023-01-31 10:08:55,437 [INFO] ApiDb:447 - Save user favorites file /home/harini/.stm32cubeide/favorites.boards.txt: 0 item(s)
2023-01-31 10:08:55,437 [INFO] ApiDb:451 - User favorites Boards=[]
2023-01-31 10:09:05,589 [INFO] MainUpdater:2800 - connection check result : 10
2023-01-31 10:09:05,847 [INFO] McuFinderGlobals:65 - Set McuFinderConnectedMode to true
2023-01-31 10:09:05,849 [INFO] MultiScanPanel:196 - Auto-refresh data requested => check proxy status ongoing
2023-01-31 10:09:05,849 [INFO] FinderPluginLoader:92 - Searching for filters in installed packs
2023-01-31 10:09:07,394 [INFO] LoadUrlFilesThread:179 - End of LoadServerUrlFiles without Thread
2023-01-31 10:09:07,394 [INFO] DetailPanel:339 - Set advertising image to /home/harini/STM32Cube/Repository//en.prom-stm32c0-0123.jpg
2023-01-31 10:09:16,372 [INFO] MultiScanPanel:196 - Auto-refresh data requested => check proxy status ongoing
2023-01-31 10:09:16,571 [INFO] LoadUrlFilesThread:179 - End of LoadServerUrlFiles without Thread
2023-01-31 10:09:16,571 [INFO] DetailPanel:339 - Set advertising image to /home/harini/STM32Cube/Repository//en.prom-stm32c0-0123.jpg
2023-01-31 10:09:53,407 [INFO] McuFinderGlobals:65 - Set McuFinderConnectedMode to true
2023-01-31 10:09:53,410 [INFO] ApiDb:447 - Save user favorites file /home/harini/.stm32cubeide/favorites.mcus.txt: 0 item(s)
2023-01-31 10:09:53,410 [INFO] ApiDb:451 - User favorites MCUs=[]
2023-01-31 10:09:53,424 [INFO] ApiDb:447 - Save user favorites file /home/harini/.stm32cubeide/favorites.boards.txt: 0 item(s)
2023-01-31 10:09:53,425 [INFO] ApiDb:451 - User favorites Boards=[]
2023-01-31 10:10:10,482 [INFO] MainUpdater:2800 - connection check result : 10
2023-01-31 10:10:10,799 [INFO] McuFinderGlobals:65 - Set McuFinderConnectedMode to true
2023-01-31 10:10:10,803 [INFO] MultiScanPanel:196 - Auto-refresh data requested => check proxy status ongoing
2023-01-31 10:10:10,803 [INFO] FinderPluginLoader:92 - Searching for filters in installed packs
2023-01-31 10:10:12,047 [INFO] LoadUrlFilesThread:179 - End of LoadServerUrlFiles without Thread
2023-01-31 10:10:12,047 [INFO] DetailPanel:339 - Set advertising image to /home/harini/STM32Cube/Repository//en.prom-stm32c0-0123.jpg
2023-01-31 10:10:27,396 [INFO] MultiScanPanel:196 - Auto-refresh data requested => check proxy status ongoing
2023-01-31 10:10:27,832 [INFO] LoadUrlFilesThread:179 - End of LoadServerUrlFiles without Thread
2023-01-31 10:10:27,833 [INFO] DetailPanel:339 - Set advertising image to /home/harini/STM32Cube/Repository//en.prom-stm32c0-0123.jpg
2023-01-31 10:11:06,556 [INFO] McuFinderGlobals:65 - Set McuFinderConnectedMode to true
2023-01-31 10:11:06,573 [INFO] ApiDb:447 - Save user favorites file /home/harini/.stm32cubeide/favorites.mcus.txt: 0 item(s)
2023-01-31 10:11:06,574 [INFO] ApiDb:451 - User favorites MCUs=[]
2023-01-31 10:11:06,580 [INFO] ApiDb:447 - Save user favorites file /home/harini/.stm32cubeide/favorites.boards.txt: 0 item(s)
2023-01-31 10:11:06,580 [INFO] ApiDb:451 - User favorites Boards=[]
2023-01-31 10:11:27,615 [INFO] MainUpdater:2800 - connection check result : 10
2023-01-31 10:11:27,834 [INFO] McuFinderGlobals:65 - Set McuFinderConnectedMode to true
2023-01-31 10:11:27,836 [INFO] MultiScanPanel:196 - Auto-refresh data requested => check proxy status ongoing
2023-01-31 10:11:27,836 [INFO] FinderPluginLoader:92 - Searching for filters in installed packs
2023-01-31 10:11:29,050 [INFO] LoadUrlFilesThread:179 - End of LoadServerUrlFiles without Thread
2023-01-31 10:11:29,050 [INFO] DetailPanel:339 - Set advertising image to /home/harini/STM32Cube/Repository//en.prom-stm32c0-0123.jpg
2023-01-31 10:11:37,330 [INFO] MultiScanPanel:196 - Auto-refresh data requested => check proxy status ongoing
2023-01-31 10:11:37,442 [INFO] LoadUrlFilesThread:179 - End of LoadServerUrlFiles without Thread
2023-01-31 10:11:37,443 [INFO] DetailPanel:339 - Set advertising image to /home/harini/STM32Cube/Repository//en.prom-stm32c0-0123.jpg
2023-01-31 10:12:07,343 [INFO] McuFinderGlobals:65 - Set McuFinderConnectedMode to true
2023-01-31 10:12:07,346 [INFO] ApiDb:447 - Save user favorites file /home/harini/.stm32cubeide/favorites.mcus.txt: 0 item(s)
2023-01-31 10:12:07,346 [INFO] ApiDb:451 - User favorites MCUs=[]
2023-01-31 10:12:07,347 [INFO] ApiDb:447 - Save user favorites file /home/harini/.stm32cubeide/favorites.boards.txt: 0 item(s)
2023-01-31 10:12:07,347 [INFO] ApiDb:451 - User favorites Boards=[]
2023-01-31 10:12:15,588 [INFO] MainUpdater:2800 - connection check result : 10
2023-01-31 10:12:15,795 [INFO] McuFinderGlobals:65 - Set McuFinderConnectedMode to true
2023-01-31 10:12:15,802 [INFO] MultiScanPanel:196 - Auto-refresh data requested => check proxy status ongoing
2023-01-31 10:12:15,802 [INFO] FinderPluginLoader:92 - Searching for filters in installed packs
2023-01-31 10:12:16,888 [INFO] LoadUrlFilesThread:179 - End of LoadServerUrlFiles without Thread
2023-01-31 10:12:16,889 [INFO] DetailPanel:339 - Set advertising image to /home/harini/STM32Cube/Repository//en.prom-stm32c0-0123.jpg
2023-01-31 10:12:22,661 [INFO] MultiScanPanel:196 - Auto-refresh data requested => check proxy status ongoing
2023-01-31 10:12:22,846 [INFO] LoadUrlFilesThread:179 - End of LoadServerUrlFiles without Thread
2023-01-31 10:12:22,846 [INFO] DetailPanel:339 - Set advertising image to /home/harini/STM32Cube/Repository//en.prom-stm32c0-0123.jpg
2023-01-31 10:12:56,216 [INFO] McuFinderGlobals:65 - Set McuFinderConnectedMode to true
2023-01-31 10:12:56,266 [INFO] ApiDb:447 - Save user favorites file /home/harini/.stm32cubeide/favorites.mcus.txt: 0 item(s)
2023-01-31 10:12:56,267 [INFO] ApiDb:451 - User favorites MCUs=[]
2023-01-31 10:12:56,268 [INFO] ApiDb:447 - Save user favorites file /home/harini/.stm32cubeide/favorites.boards.txt: 0 item(s)
2023-01-31 10:12:56,268 [INFO] ApiDb:451 - User favorites Boards=[]
2023-01-31 10:13:06,755 [INFO] MainUpdater:2800 - connection check result : 10
2023-01-31 10:13:06,909 [INFO] McuFinderGlobals:65 - Set McuFinderConnectedMode to true
2023-01-31 10:13:06,911 [INFO] MultiScanPanel:196 - Auto-refresh data requested => check proxy status ongoing
2023-01-31 10:13:06,911 [INFO] FinderPluginLoader:92 - Searching for filters in installed packs
2023-01-31 10:13:08,157 [INFO] LoadUrlFilesThread:179 - End of LoadServerUrlFiles without Thread
2023-01-31 10:13:08,158 [INFO] DetailPanel:339 - Set advertising image to /home/harini/STM32Cube/Repository//en.prom-stm32c0-0123.jpg
2023-01-31 10:13:14,080 [INFO] MultiScanPanel:196 - Auto-refresh data requested => check proxy status ongoing
2023-01-31 10:13:14,239 [INFO] LoadUrlFilesThread:179 - End of LoadServerUrlFiles without Thread
2023-01-31 10:13:14,239 [INFO] DetailPanel:339 - Set advertising image to /home/harini/STM32Cube/Repository//en.prom-stm32c0-0123.jpg
2023-01-31 10:13:59,185 [INFO] McuFinderGlobals:65 - Set McuFinderConnectedMode to true
2023-01-31 10:13:59,189 [INFO] ApiDb:447 - Save user favorites file /home/harini/.stm32cubeide/favorites.mcus.txt: 0 item(s)
2023-01-31 10:13:59,189 [INFO] ApiDb:451 - User favorites MCUs=[]
2023-01-31 10:13:59,190 [INFO] ApiDb:447 - Save user favorites file /home/harini/.stm32cubeide/favorites.boards.txt: 0 item(s)
2023-01-31 10:13:59,190 [INFO] ApiDb:451 - User favorites Boards=[]
2023-01-31 15:16:39,090 [ERROR] LogOutputStream:74 - [STDERR_REDIRECT] Warning: NLS missing message: ExternalToolsPreferencePage_External_tool_project_builders_migration_2 in: org.eclipse.ui.externaltools.internal.ui.ExternalToolsUIMessages
2023-01-31 15:16:39,092 [ERROR] LogOutputStream:74 - [STDERR_REDIRECT] Warning: NLS missing message: ExternalToolsPreferencePage_Prompt_before_migrating_3 in: org.eclipse.ui.externaltools.internal.ui.ExternalToolsUIMessages
2023-01-31 15:16:39,093 [ERROR] LogOutputStream:74 - [STDERR_REDIRECT] Warning: NLS missing message: ExternalToolsPreferencePage_1 in: org.eclipse.ui.externaltools.internal.ui.ExternalToolsUIMessages
2023-01-31 15:21:51,283 [INFO] LogOutputStream:76 - [STDOUT_REDIRECT] StartTraceHandler.execute(), success : Collect=true
2023-01-31 15:22:23,020 [INFO] LogOutputStream:76 - [STDOUT_REDIRECT] StartTraceHandler.execute(), success : Collect=false
2023-01-31 15:22:25,264 [INFO] LogOutputStream:76 - [STDOUT_REDIRECT] StartTraceHandler.execute(), success : Collect=true
2023-01-31 15:22:26,339 [INFO] LogOutputStream:76 - [STDOUT_REDIRECT] StartTraceHandler.execute(), success : Collect=false
2023-01-31 15:22:27,324 [INFO] LogOutputStream:76 - [STDOUT_REDIRECT] StartTraceHandler.execute(), success : Collect=true
2023-01-31 15:24:35,001 [INFO] LogOutputStream:76 - [STDOUT_REDIRECT] StartTraceHandler.execute(), success : Collect=true
2023-01-31 15:25:21,909 [INFO] JxBrowserEngine:114 - Initiate JxBrowser Engine with user profile folder
2023-01-31 15:25:24,013 [INFO] WebAppUi:459 - Close the Jxbrowser engine manually
2023-01-31 15:25:24,021 [INFO] WebAppUi:462 - Profiles folder deleted
2023-01-31 15:25:24,639 [ERROR] LogOutputStream:74 - [STDERR_REDIRECT] 
2023-01-31 15:28:48,570 [INFO] Activator:179 - 


2023-01-31 15:28:48,573 [INFO] Activator:180 - !SESSION log4j initialized
2023-01-31 15:29:20,621 [ERROR] LogOutputStream:74 - [STDERR_REDIRECT] SLF4J: Failed to load class "org.slf4j.impl.StaticLoggerBinder".
2023-01-31 15:29:20,623 [ERROR] LogOutputStream:74 - [STDERR_REDIRECT] SLF4J: Defaulting to no-operation (NOP) logger implementation
2023-01-31 15:29:20,624 [ERROR] LogOutputStream:74 - [STDERR_REDIRECT] SLF4J: See http://www.slf4j.org/codes.html#StaticLoggerBinder for further details.
2023-01-31 15:30:02,230 [INFO] LogOutputStream:76 - [STDOUT_REDIRECT] StartTraceHandler.execute(), success : Collect=true
2023-01-31 15:31:43,306 [INFO] LogOutputStream:76 - [STDOUT_REDIRECT] StartTraceHandler.execute(), success : Collect=true
2023-01-31 15:32:21,328 [INFO] LogOutputStream:76 - [STDOUT_REDIRECT] StartTraceHandler.execute(), success : Collect=false
2023-01-31 15:32:22,697 [INFO] LogOutputStream:76 - [STDOUT_REDIRECT] StartTraceHandler.execute(), success : Collect=true
2023-01-31 15:41:01,243 [INFO] LogOutputStream:76 - [STDOUT_REDIRECT] StartTraceHandler.execute(), success : Collect=true
2023-02-02 11:39:21,584 [INFO] Activator:179 - 


2023-02-02 11:39:21,586 [INFO] Activator:180 - !SESSION log4j initialized
2023-02-02 11:39:51,941 [ERROR] LogOutputStream:74 - [STDERR_REDIRECT] SLF4J: Failed to load class "org.slf4j.impl.StaticLoggerBinder".
2023-02-02 11:39:51,942 [ERROR] LogOutputStream:74 - [STDERR_REDIRECT] SLF4J: Defaulting to no-operation (NOP) logger implementation
2023-02-02 11:39:51,942 [ERROR] LogOutputStream:74 - [STDERR_REDIRECT] SLF4J: See http://www.slf4j.org/codes.html#StaticLoggerBinder for further details.
2023-02-03 09:56:20,122 [INFO] Activator:179 - 


2023-02-03 09:56:20,129 [INFO] Activator:180 - !SESSION log4j initialized
2023-02-03 09:56:52,589 [ERROR] LogOutputStream:74 - [STDERR_REDIRECT] SLF4J: Failed to load class "org.slf4j.impl.StaticLoggerBinder".
2023-02-03 09:56:52,591 [ERROR] LogOutputStream:74 - [STDERR_REDIRECT] SLF4J: Defaulting to no-operation (NOP) logger implementation
2023-02-03 09:56:52,592 [ERROR] LogOutputStream:74 - [STDERR_REDIRECT] SLF4J: See http://www.slf4j.org/codes.html#StaticLoggerBinder for further details.
2023-02-07 14:38:34,967 [INFO] Activator:179 - 


2023-02-07 14:38:34,973 [INFO] Activator:180 - !SESSION log4j initialized
2023-02-07 14:39:09,236 [ERROR] LogOutputStream:74 - [STDERR_REDIRECT] SLF4J: Failed to load class "org.slf4j.impl.StaticLoggerBinder".
2023-02-07 14:39:09,239 [ERROR] LogOutputStream:74 - [STDERR_REDIRECT] SLF4J: Defaulting to no-operation (NOP) logger implementation
2023-02-07 14:39:09,240 [ERROR] LogOutputStream:74 - [STDERR_REDIRECT] SLF4J: See http://www.slf4j.org/codes.html#StaticLoggerBinder for further details.
